
* Reading: 'pd_3d.xml'
# orb       iSym    iOrbInSym
0         1            1
1         1            2
2         1            3
3         1            4
4         1            5
5         1            6
6         1            7
7         1            8
8         1            9
9         1            10
10         1            11
11         2            1
12         2            2
13         2            3
14         3            1
15         3            2
16         3            3
17         4            1
18         4            2
19         4            3
20         5            1
21         5            2
22         5            3
23         6            1
24         6            2
25         6            3
26         7            1
27         7            2
28         7            3
Atoms from file [a.u.]:
    Pd    0.000000000000000    0.000000000000000    0.000000000000000
Matrix MO-Basis overlap (should be unity!) [29 x 29]:

       1.00000     0.00000     0.00000     0.00000     0.00000     0.00000     0.00000     0.00000     0.00000     0.00000     0.00000     0.00000     0.00000     0.00000     0.00000     0.00000     0.00000     0.00000     0.00000     0.00000     0.00000     0.00000     0.00000     0.00000     0.00000     0.00000     0.00000     0.00000     0.00000
       0.00000     1.00000     0.00000    -0.00000    -0.00000    -0.00000     0.00000    -0.00000     0.00000    -0.00000     0.00000     0.00000     0.00000     0.00000     0.00000     0.00000     0.00000     0.00000     0.00000     0.00000     0.00000     0.00000     0.00000     0.00000     0.00000     0.00000     0.00000     0.00000     0.00000
       0.00000     0.00000     1.00000    -0.00000     0.00000    -0.00000     0.00000     0.00000     0.00000     0.00000    -0.00000     0.00000     0.00000     0.00000     0.00000     0.00000     0.00000     0.00000     0.00000     0.00000     0.00000     0.00000     0.00000     0.00000     0.00000     0.00000     0.00000     0.00000     0.00000
       0.00000    -0.00000    -0.00000     1.00000    -0.00000     0.00000     0.00000     0.00000     0.00000    -0.00000    -0.00000     0.00000     0.00000     0.00000     0.00000     0.00000     0.00000     0.00000     0.00000     0.00000     0.00000     0.00000     0.00000     0.00000     0.00000     0.00000     0.00000     0.00000     0.00000
       0.00000    -0.00000     0.00000    -0.00000     1.00000     0.00000     0.00000     0.00000     0.00000    -0.00000    -0.00000     0.00000     0.00000     0.00000     0.00000     0.00000     0.00000     0.00000     0.00000     0.00000     0.00000     0.00000     0.00000     0.00000     0.00000     0.00000     0.00000     0.00000     0.00000
       0.00000    -0.00000    -0.00000     0.00000     0.00000     1.00000    -0.00000    -0.00000    -0.00000     0.00000     0.00000     0.00000     0.00000     0.00000     0.00000     0.00000     0.00000     0.00000     0.00000     0.00000     0.00000     0.00000     0.00000     0.00000     0.00000     0.00000     0.00000     0.00000     0.00000
       0.00000     0.00000     0.00000     0.00000     0.00000    -0.00000     1.00000     0.00000     0.00000     0.00000    -0.00000     0.00000     0.00000     0.00000     0.00000     0.00000     0.00000     0.00000     0.00000     0.00000     0.00000     0.00000     0.00000     0.00000     0.00000     0.00000     0.00000     0.00000     0.00000
       0.00000    -0.00000     0.00000     0.00000     0.00000    -0.00000     0.00000     1.00000     0.00000    -0.00000    -0.00000     0.00000     0.00000     0.00000     0.00000     0.00000     0.00000     0.00000     0.00000     0.00000     0.00000     0.00000     0.00000     0.00000     0.00000     0.00000     0.00000     0.00000     0.00000
       0.00000     0.00000     0.00000     0.00000     0.00000    -0.00000     0.00000     0.00000     1.00000    -0.00000    -0.00000     0.00000     0.00000     0.00000     0.00000     0.00000     0.00000     0.00000     0.00000     0.00000     0.00000     0.00000     0.00000     0.00000     0.00000     0.00000     0.00000     0.00000     0.00000
       0.00000    -0.00000     0.00000    -0.00000    -0.00000     0.00000     0.00000    -0.00000    -0.00000     1.00000     0.00000     0.00000     0.00000     0.00000     0.00000     0.00000     0.00000     0.00000     0.00000     0.00000     0.00000     0.00000     0.00000     0.00000     0.00000     0.00000     0.00000     0.00000     0.00000
       0.00000     0.00000    -0.00000    -0.00000    -0.00000     0.00000    -0.00000    -0.00000    -0.00000     0.00000     1.00000     0.00000     0.00000     0.00000     0.00000     0.00000     0.00000     0.00000     0.00000     0.00000     0.00000     0.00000     0.00000     0.00000     0.00000     0.00000     0.00000     0.00000     0.00000
       0.00000     0.00000     0.00000     0.00000     0.00000     0.00000     0.00000     0.00000     0.00000     0.00000     0.00000     1.00000    -0.00000    -0.00000     0.00000     0.00000     0.00000     0.00000     0.00000     0.00000     0.00000     0.00000     0.00000     0.00000     0.00000     0.00000     0.00000     0.00000     0.00000
       0.00000     0.00000     0.00000     0.00000     0.00000     0.00000     0.00000     0.00000     0.00000     0.00000     0.00000    -0.00000     1.00000    -0.00000     0.00000     0.00000     0.00000     0.00000     0.00000     0.00000     0.00000     0.00000     0.00000     0.00000     0.00000     0.00000     0.00000     0.00000     0.00000
       0.00000     0.00000     0.00000     0.00000     0.00000     0.00000     0.00000     0.00000     0.00000     0.00000     0.00000    -0.00000    -0.00000     1.00000     0.00000     0.00000     0.00000     0.00000     0.00000     0.00000     0.00000     0.00000     0.00000     0.00000     0.00000     0.00000     0.00000     0.00000     0.00000
       0.00000     0.00000     0.00000     0.00000     0.00000     0.00000     0.00000     0.00000     0.00000     0.00000     0.00000     0.00000     0.00000     0.00000     1.00000    -0.00000    -0.00000     0.00000     0.00000     0.00000     0.00000     0.00000     0.00000     0.00000     0.00000     0.00000     0.00000     0.00000     0.00000
       0.00000     0.00000     0.00000     0.00000     0.00000     0.00000     0.00000     0.00000     0.00000     0.00000     0.00000     0.00000     0.00000     0.00000    -0.00000     1.00000    -0.00000     0.00000     0.00000     0.00000     0.00000     0.00000     0.00000     0.00000     0.00000     0.00000     0.00000     0.00000     0.00000
       0.00000     0.00000     0.00000     0.00000     0.00000     0.00000     0.00000     0.00000     0.00000     0.00000     0.00000     0.00000     0.00000     0.00000    -0.00000    -0.00000     1.00000     0.00000     0.00000     0.00000     0.00000     0.00000     0.00000     0.00000     0.00000     0.00000     0.00000     0.00000     0.00000
       0.00000     0.00000     0.00000     0.00000     0.00000     0.00000     0.00000     0.00000     0.00000     0.00000     0.00000     0.00000     0.00000     0.00000     0.00000     0.00000     0.00000     1.00000    -0.00000     0.00000     0.00000     0.00000     0.00000     0.00000     0.00000     0.00000     0.00000     0.00000     0.00000
       0.00000     0.00000     0.00000     0.00000     0.00000     0.00000     0.00000     0.00000     0.00000     0.00000     0.00000     0.00000     0.00000     0.00000     0.00000     0.00000     0.00000    -0.00000     1.00000    -0.00000     0.00000     0.00000     0.00000     0.00000     0.00000     0.00000     0.00000     0.00000     0.00000
       0.00000     0.00000     0.00000     0.00000     0.00000     0.00000     0.00000     0.00000     0.00000     0.00000     0.00000     0.00000     0.00000     0.00000     0.00000     0.00000     0.00000     0.00000    -0.00000     1.00000     0.00000     0.00000     0.00000     0.00000     0.00000     0.00000     0.00000     0.00000     0.00000
       0.00000     0.00000     0.00000     0.00000     0.00000     0.00000     0.00000     0.00000     0.00000     0.00000     0.00000     0.00000     0.00000     0.00000     0.00000     0.00000     0.00000     0.00000     0.00000     0.00000     1.00000    -0.00000    -0.00000     0.00000     0.00000     0.00000     0.00000     0.00000     0.00000
       0.00000     0.00000     0.00000     0.00000     0.00000     0.00000     0.00000     0.00000     0.00000     0.00000     0.00000     0.00000     0.00000     0.00000     0.00000     0.00000     0.00000     0.00000     0.00000     0.00000    -0.00000     1.00000    -0.00000     0.00000     0.00000     0.00000     0.00000     0.00000     0.00000
       0.00000     0.00000     0.00000     0.00000     0.00000     0.00000     0.00000     0.00000     0.00000     0.00000     0.00000     0.00000     0.00000     0.00000     0.00000     0.00000     0.00000     0.00000     0.00000     0.00000    -0.00000    -0.00000     1.00000     0.00000     0.00000     0.00000     0.00000     0.00000     0.00000
       0.00000     0.00000     0.00000     0.00000     0.00000     0.00000     0.00000     0.00000     0.00000     0.00000     0.00000     0.00000     0.00000     0.00000     0.00000     0.00000     0.00000     0.00000     0.00000     0.00000     0.00000     0.00000     0.00000     1.00000    -0.00000     0.00000     0.00000     0.00000     0.00000
       0.00000     0.00000     0.00000     0.00000     0.00000     0.00000     0.00000     0.00000     0.00000     0.00000     0.00000     0.00000     0.00000     0.00000     0.00000     0.00000     0.00000     0.00000     0.00000     0.00000     0.00000     0.00000     0.00000    -0.00000     1.00000    -0.00000     0.00000     0.00000     0.00000
       0.00000     0.00000     0.00000     0.00000     0.00000     0.00000     0.00000     0.00000     0.00000     0.00000     0.00000     0.00000     0.00000     0.00000     0.00000     0.00000     0.00000     0.00000     0.00000     0.00000     0.00000     0.00000     0.00000     0.00000    -0.00000     1.00000     0.00000     0.00000     0.00000
       0.00000     0.00000     0.00000     0.00000     0.00000     0.00000     0.00000     0.00000     0.00000     0.00000     0.00000     0.00000     0.00000     0.00000     0.00000     0.00000     0.00000     0.00000     0.00000     0.00000     0.00000     0.00000     0.00000     0.00000     0.00000     0.00000     1.00000    -0.00000     0.00000
       0.00000     0.00000     0.00000     0.00000     0.00000     0.00000     0.00000     0.00000     0.00000     0.00000     0.00000     0.00000     0.00000     0.00000     0.00000     0.00000     0.00000     0.00000     0.00000     0.00000     0.00000     0.00000     0.00000     0.00000     0.00000     0.00000    -0.00000     1.00000    -0.00000
       0.00000     0.00000     0.00000     0.00000     0.00000     0.00000     0.00000     0.00000     0.00000     0.00000     0.00000     0.00000     0.00000     0.00000     0.00000     0.00000     0.00000     0.00000     0.00000     0.00000     0.00000     0.00000     0.00000     0.00000     0.00000     0.00000     0.00000    -0.00000     1.00000
RMSD(SMo-id): 6.90e-13


* Reading: 'pd_3d.xml'
# orb       iSym    iOrbInSym
0         1            1
1         1            2
2         1            3
3         1            4
4         1            5
5         1            6
6         1            7
7         1            8
8         1            9
9         1            10
10         1            11
11         2            1
12         2            2
13         2            3
14         3            1
15         3            2
16         3            3
17         4            1
18         4            2
19         4            3
20         5            1
21         5            2
22         5            3
23         6            1
24         6            2
25         6            3
26         7            1
27         7            2
28         7            3
Atoms from file [a.u.]:
    Pd    0.000000000000000    0.000000000000000    0.000000000000000
=================================================
 Now print So1e integrals
0 1 1 1 0.0
0 1 1 2 0.0
0 1 1 3 0.0
0 1 1 4 0.0
0 1 1 5 0.0
0 1 1 6 0.0
0 1 1 7 0.0
0 1 1 8 0.0
0 1 1 9 0.0
0 1 1 10 -331.946711756
0 1 1 11 392.846850478
0 1 2 1 0.0
0 1 2 2 0.0
0 1 2 3 0.0
0 1 2 4 0.0
0 1 2 5 0.0
0 1 2 6 0.0
0 1 2 7 0.0
0 1 2 8 0.0
0 1 2 9 0.0
0 1 2 10 -574.948570154
0 1 2 11 680.430704604
0 1 3 1 0.0
0 1 3 2 0.0
0 1 3 3 0.0
0 1 3 4 0.0
0 1 3 5 0.0
0 1 3 6 0.0
0 1 3 7 0.0
0 1 3 8 0.0
0 1 3 9 0.0
0 1 3 10 2.42769969886e-14
0 1 3 11 -3.11638596384e-14
0 1 4 1 0.0
0 1 4 2 0.0
0 1 4 3 0.0
0 1 4 4 0.0
0 1 4 5 0.0
0 1 4 6 0.0
0 1 4 7 0.0
0 1 4 8 0.0
0 1 4 9 0.0
0 1 4 10 680.430697963
0 1 4 11 -833.914053828
0 1 5 1 0.0
0 1 5 2 0.0
0 1 5 3 0.0
0 1 5 4 0.0
0 1 5 5 0.0
0 1 5 6 0.0
0 1 5 7 0.0
0 1 5 8 0.0
0 1 5 9 0.0
0 1 5 10 392.846846727
0 1 5 11 -481.460503573
0 1 6 1 0.0
0 1 6 2 0.0
0 1 6 3 0.0
0 1 6 4 0.0
0 1 6 5 0.0
0 1 6 6 0.0
0 1 6 7 0.0
0 1 6 8 331.946711907
0 1 6 9 -392.846850655
0 1 6 10 0.0
0 1 6 11 0.0
0 1 7 1 0.0
0 1 7 2 0.0
0 1 7 3 0.0
0 1 7 4 0.0
0 1 7 5 0.0
0 1 7 6 0.0
0 1 7 7 0.0
0 1 7 8 -392.84685062
0 1 7 9 481.460508438
0 1 7 10 0.0
0 1 7 11 0.0
0 1 8 1 0.0
0 1 8 2 0.0
0 1 8 3 0.0
0 1 8 4 0.0
0 1 8 5 0.0
0 1 8 6 -331.946711907
0 1 8 7 392.84685062
0 1 8 8 0.0
0 1 8 9 0.0
0 1 8 10 0.0
0 1 8 11 0.0
0 1 9 1 0.0
0 1 9 2 0.0
0 1 9 3 0.0
0 1 9 4 0.0
0 1 9 5 0.0
0 1 9 6 392.846850655
0 1 9 7 -481.460508438
0 1 9 8 0.0
0 1 9 9 0.0
0 1 9 10 0.0
0 1 9 11 0.0
0 1 10 1 331.946711756
0 1 10 2 574.948570154
0 1 10 3 -2.42769969886e-14
0 1 10 4 -680.430697963
0 1 10 5 -392.846846727
0 1 10 6 0.0
0 1 10 7 0.0
0 1 10 8 0.0
0 1 10 9 0.0
0 1 10 10 0.0
0 1 10 11 0.0
0 1 11 1 -392.846850478
0 1 11 2 -680.430704604
0 1 11 3 3.11638596384e-14
0 1 11 4 833.914053828
0 1 11 5 481.460503573
0 1 11 6 0.0
0 1 11 7 0.0
0 1 11 8 0.0
0 1 11 9 0.0
0 1 11 10 0.0
0 1 11 11 0.0
0 2 1 1 0.0
0 2 1 2 0.0
0 2 1 3 0.0
0 2 1 4 0.0
0 2 1 5 0.0
0 2 1 6 0.0
0 2 1 7 0.0
0 2 1 8 -331.946711756
0 2 1 9 392.846850478
0 2 1 10 0.0
0 2 1 11 0.0
0 2 2 1 0.0
0 2 2 2 0.0
0 2 2 3 0.0
0 2 2 4 0.0
0 2 2 5 0.0
0 2 2 6 0.0
0 2 2 7 0.0
0 2 2 8 574.948570154
0 2 2 9 -680.430704604
0 2 2 10 0.0
0 2 2 11 0.0
0 2 3 1 0.0
0 2 3 2 0.0
0 2 3 3 0.0
0 2 3 4 0.0
0 2 3 5 0.0
0 2 3 6 0.0
0 2 3 7 0.0
0 2 3 8 -2.00812197961e-14
0 2 3 9 2.57405873107e-14
0 2 3 10 0.0
0 2 3 11 0.0
0 2 4 1 0.0
0 2 4 2 0.0
0 2 4 3 0.0
0 2 4 4 0.0
0 2 4 5 0.0
0 2 4 6 0.0
0 2 4 7 0.0
0 2 4 8 -680.430697963
0 2 4 9 833.914053828
0 2 4 10 0.0
0 2 4 11 0.0
0 2 5 1 0.0
0 2 5 2 0.0
0 2 5 3 0.0
0 2 5 4 0.0
0 2 5 5 0.0
0 2 5 6 0.0
0 2 5 7 0.0
0 2 5 8 392.846846727
0 2 5 9 -481.460503573
0 2 5 10 0.0
0 2 5 11 0.0
0 2 6 1 0.0
0 2 6 2 0.0
0 2 6 3 0.0
0 2 6 4 0.0
0 2 6 5 0.0
0 2 6 6 0.0
0 2 6 7 0.0
0 2 6 8 0.0
0 2 6 9 0.0
0 2 6 10 -331.946711907
0 2 6 11 392.846850655
0 2 7 1 0.0
0 2 7 2 0.0
0 2 7 3 0.0
0 2 7 4 0.0
0 2 7 5 0.0
0 2 7 6 0.0
0 2 7 7 0.0
0 2 7 8 0.0
0 2 7 9 0.0
0 2 7 10 392.84685062
0 2 7 11 -481.460508438
0 2 8 1 331.946711756
0 2 8 2 -574.948570154
0 2 8 3 2.00812197961e-14
0 2 8 4 680.430697963
0 2 8 5 -392.846846727
0 2 8 6 0.0
0 2 8 7 0.0
0 2 8 8 0.0
0 2 8 9 0.0
0 2 8 10 0.0
0 2 8 11 0.0
0 2 9 1 -392.846850478
0 2 9 2 680.430704604
0 2 9 3 -2.57405873107e-14
0 2 9 4 -833.914053828
0 2 9 5 481.460503573
0 2 9 6 0.0
0 2 9 7 0.0
0 2 9 8 0.0
0 2 9 9 0.0
0 2 9 10 0.0
0 2 9 11 0.0
0 2 10 1 0.0
0 2 10 2 0.0
0 2 10 3 0.0
0 2 10 4 0.0
0 2 10 5 0.0
0 2 10 6 331.946711907
0 2 10 7 -392.84685062
0 2 10 8 0.0
0 2 10 9 0.0
0 2 10 10 0.0
0 2 10 11 0.0
0 2 11 1 0.0
0 2 11 2 0.0
0 2 11 3 0.0
0 2 11 4 0.0
0 2 11 5 0.0
0 2 11 6 -392.846850655
0 2 11 7 481.460508438
0 2 11 8 0.0
0 2 11 9 0.0
0 2 11 10 0.0
0 2 11 11 0.0
0 3 1 1 0.0
0 3 1 2 0.0
0 3 1 3 0.0
0 3 1 4 0.0
0 3 1 5 0.0
0 3 1 6 663.893423493
0 3 1 7 -785.693700863
0 3 1 8 0.0
0 3 1 9 0.0
0 3 1 10 0.0
0 3 1 11 0.0
0 3 2 1 0.0
0 3 2 2 0.0
0 3 2 3 0.0
0 3 2 4 0.0
0 3 2 5 0.0
0 3 2 6 -4.77730130119e-14
0 3 2 7 5.78108801632e-14
0 3 2 8 0.0
0 3 2 9 0.0
0 3 2 10 0.0
0 3 2 11 0.0
0 3 3 1 0.0
0 3 3 2 0.0
0 3 3 3 0.0
0 3 3 4 0.0
0 3 3 5 0.0
0 3 3 6 -4.1957771924e-15
0 3 3 7 5.42327232703e-15
0 3 3 8 0.0
0 3 3 9 0.0
0 3 3 10 0.0
0 3 3 11 0.0
0 3 4 1 0.0
0 3 4 2 0.0
0 3 4 3 0.0
0 3 4 4 0.0
0 3 4 5 0.0
0 3 4 6 9.47394610363e-14
0 3 4 7 -1.13660620725e-13
0 3 4 8 0.0
0 3 4 9 0.0
0 3 4 10 0.0
0 3 4 11 0.0
0 3 5 1 0.0
0 3 5 2 0.0
0 3 5 3 0.0
0 3 5 4 0.0
0 3 5 5 0.0
0 3 5 6 -785.69369343
0 3 5 7 962.921007028
0 3 5 8 0.0
0 3 5 9 0.0
0 3 5 10 0.0
0 3 5 11 0.0
0 3 6 1 -663.893423493
0 3 6 2 4.77730130119e-14
0 3 6 3 4.1957771924e-15
0 3 6 4 -9.47394610363e-14
0 3 6 5 785.69369343
0 3 6 6 0.0
0 3 6 7 0.0
0 3 6 8 0.0
0 3 6 9 0.0
0 3 6 10 0.0
0 3 6 11 0.0
0 3 7 1 785.693700863
0 3 7 2 -5.78108801632e-14
0 3 7 3 -5.42327232703e-15
0 3 7 4 1.13660620725e-13
0 3 7 5 -962.921007028
0 3 7 6 0.0
0 3 7 7 0.0
0 3 7 8 0.0
0 3 7 9 0.0
0 3 7 10 0.0
0 3 7 11 0.0
0 3 8 1 0.0
0 3 8 2 0.0
0 3 8 3 0.0
0 3 8 4 0.0
0 3 8 5 0.0
0 3 8 6 0.0
0 3 8 7 0.0
0 3 8 8 0.0
0 3 8 9 0.0
0 3 8 10 331.946711916
0 3 8 11 -392.846850666
0 3 9 1 0.0
0 3 9 2 0.0
0 3 9 3 0.0
0 3 9 4 0.0
0 3 9 5 0.0
0 3 9 6 0.0
0 3 9 7 0.0
0 3 9 8 0.0
0 3 9 9 0.0
0 3 9 10 -392.846850666
0 3 9 11 481.460508497
0 3 10 1 0.0
0 3 10 2 0.0
0 3 10 3 0.0
0 3 10 4 0.0
0 3 10 5 0.0
0 3 10 6 0.0
0 3 10 7 0.0
0 3 10 8 -331.946711916
0 3 10 9 392.846850666
0 3 10 10 0.0
0 3 10 11 0.0
0 3 11 1 0.0
0 3 11 2 0.0
0 3 11 3 0.0
0 3 11 4 0.0
0 3 11 5 0.0
0 3 11 6 0.0
0 3 11 7 0.0
0 3 11 8 392.846850666
0 3 11 9 -481.460508497
0 3 11 10 0.0
0 3 11 11 0.0
