Now calculating distance=0.700
Cluster   0: C1,  30 local atomic orbitals:
   0    C1  1s           
   0    C1  2s           
   0    C1  3s           
   0    C1  4s           
   0    C1  2p          x
   0    C1  2p          y
   0    C1  2p          z
   0    C1  3p          x
   0    C1  3p          y
   0    C1  3p          z
   0    C1  4p          x
   0    C1  4p          y
   0    C1  4p          z
   0    C1  3d         xy
   0    C1  3d         yz
   0    C1  3d        z^2
   0    C1  3d         xz
   0    C1  3d      x2-y2
   0    C1  4d         xy
   0    C1  4d         yz
   0    C1  4d        z^2
   0    C1  4d         xz
   0    C1  4d      x2-y2
   0    C1  4f        y^3
   0    C1  4f        xyz
   0    C1  4f       yz^2
   0    C1  4f        z^3
   0    C1  4f       xz^2
   0    C1  4f       zx^2
   0    C1  4f        x^3
Cluster   1: C2,  30 local atomic orbitals:
   1    C2  1s           
   1    C2  2s           
   1    C2  3s           
   1    C2  4s           
   1    C2  2p          x
   1    C2  2p          y
   1    C2  2p          z
   1    C2  3p          x
   1    C2  3p          y
   1    C2  3p          z
   1    C2  4p          x
   1    C2  4p          y
   1    C2  4p          z
   1    C2  3d         xy
   1    C2  3d         yz
   1    C2  3d        z^2
   1    C2  3d         xz
   1    C2  3d      x2-y2
   1    C2  4d         xy
   1    C2  4d         yz
   1    C2  4d        z^2
   1    C2  4d         xz
   1    C2  4d      x2-y2
   1    C2  4f        y^3
   1    C2  4f        xyz
   1    C2  4f       yz^2
   1    C2  4f        z^3
   1    C2  4f       xz^2
   1    C2  4f       zx^2
   1    C2  4f        x^3
Cluster   2: H1,  14 local atomic orbitals:
   2    H1  1s           
   2    H1  2s           
   2    H1  3s           
   2    H1  2p          x
   2    H1  2p          y
   2    H1  2p          z
   2    H1  3p          x
   2    H1  3p          y
   2    H1  3p          z
   2    H1  3d         xy
   2    H1  3d         yz
   2    H1  3d        z^2
   2    H1  3d         xz
   2    H1  3d      x2-y2
Cluster   3: H2,  14 local atomic orbitals:
   3    H2  1s           
   3    H2  2s           
   3    H2  3s           
   3    H2  2p          x
   3    H2  2p          y
   3    H2  2p          z
   3    H2  3p          x
   3    H2  3p          y
   3    H2  3p          z
   3    H2  3d         xy
   3    H2  3d         yz
   3    H2  3d        z^2
   3    H2  3d         xz
   3    H2  3d      x2-y2
Cluster   4: H4,  14 local atomic orbitals:
   5    H4  1s           
   5    H4  2s           
   5    H4  3s           
   5    H4  2p          x
   5    H4  2p          y
   5    H4  2p          z
   5    H4  3p          x
   5    H4  3p          y
   5    H4  3p          z
   5    H4  3d         xy
   5    H4  3d         yz
   5    H4  3d        z^2
   5    H4  3d         xz
   5    H4  3d      x2-y2
Cluster   5: H5,  14 local atomic orbitals:
   6    H5  1s           
   6    H5  2s           
   6    H5  3s           
   6    H5  2p          x
   6    H5  2p          y
   6    H5  2p          z
   6    H5  3p          x
   6    H5  3p          y
   6    H5  3p          z
   6    H5  3d         xy
   6    H5  3d         yz
   6    H5  3d        z^2
   6    H5  3d         xz
   6    H5  3d      x2-y2
Cluster   6: H6,  14 local atomic orbitals:
   7    H6  1s           
   7    H6  2s           
   7    H6  3s           
   7    H6  2p          x
   7    H6  2p          y
   7    H6  2p          z
   7    H6  3p          x
   7    H6  3p          y
   7    H6  3p          z
   7    H6  3d         xy
   7    H6  3d         yz
   7    H6  3d        z^2
   7    H6  3d         xz
   7    H6  3d      x2-y2
Cluster   7: H3,O1,  44 local atomic orbitals:
   4    H3  1s           
   4    H3  2s           
   4    H3  3s           
   4    H3  2p          x
   4    H3  2p          y
   4    H3  2p          z
   4    H3  3p          x
   4    H3  3p          y
   4    H3  3p          z
   4    H3  3d         xy
   4    H3  3d         yz
   4    H3  3d        z^2
   4    H3  3d         xz
   4    H3  3d      x2-y2
   8    O1  1s           
   8    O1  2s           
   8    O1  3s           
   8    O1  4s           
   8    O1  2p          x
   8    O1  2p          y
   8    O1  2p          z
   8    O1  3p          x
   8    O1  3p          y
   8    O1  3p          z
   8    O1  4p          x
   8    O1  4p          y
   8    O1  4p          z
   8    O1  3d         xy
   8    O1  3d         yz
   8    O1  3d        z^2
   8    O1  3d         xz
   8    O1  3d      x2-y2
   8    O1  4d         xy
   8    O1  4d         yz
   8    O1  4d        z^2
   8    O1  4d         xz
   8    O1  4d      x2-y2
   8    O1  4f        y^3
   8    O1  4f        xyz
   8    O1  4f       yz^2
   8    O1  4f        z^3
   8    O1  4f       xz^2
   8    O1  4f       zx^2
   8    O1  4f        x^3
Local correlation energy contributions
--------------------------------------
        C1 [N= 30,B0= 13,B= 30,F=101]: CCSD=     -0.11985644 Eh  (T)=              +0 Eh
        C2 [N= 30,B0= 13,B= 30,F=101]: CCSD=     -0.12901226 Eh  (T)=              +0 Eh
        H1 [N= 14,B0= 12,B= 15,F=133]: CCSD=       -0.021442 Eh  (T)=              +0 Eh
        H2 [N= 14,B0= 12,B= 15,F=133]: CCSD=    -0.021441896 Eh  (T)=              +0 Eh
        H4 [N= 14,B0= 13,B= 14,F=133]: CCSD=    -0.020207998 Eh  (T)=              +0 Eh
        H5 [N= 14,B0= 12,B= 15,F=133]: CCSD=    -0.020744283 Eh  (T)=              +0 Eh
        H6 [N= 14,B0= 13,B= 14,F=133]: CCSD=    -0.020208411 Eh  (T)=              +0 Eh
     H3,O1 [N= 44,B0= 13,B= 44,F= 73]: CCSD=     -0.25900739 Eh  (T)=              +0 Eh
        C1 [N= 30,B0= 13,B= 30,F=101]: CCSD=     -0.11985644 Eh  (T)=              +0 Eh
        C2 [N= 30,B0= 13,B= 30,F=101]: CCSD=     -0.12901226 Eh  (T)=              +0 Eh
        H1 [N= 14,B0= 12,B= 15,F=133]: CCSD=       -0.021442 Eh  (T)=              +0 Eh
        H2 [N= 14,B0= 12,B= 15,F=133]: CCSD=    -0.021441896 Eh  (T)=              +0 Eh
        H4 [N= 14,B0= 13,B= 14,F=133]: CCSD=    -0.020207998 Eh  (T)=              +0 Eh
        H5 [N= 14,B0= 12,B= 15,F=133]: CCSD=    -0.020744283 Eh  (T)=              +0 Eh
        H6 [N= 14,B0= 13,B= 14,F=133]: CCSD=    -0.020208411 Eh  (T)=              +0 Eh
     H3,O1 [N= 44,B0= 13,B= 44,F= 73]: CCSD=     -0.25900739 Eh  (T)=              +0 Eh
     Total:                            CCSD=     -0.61192068 Eh  (T)=              +0 Eh
Full cluster CCSD energies
--------------------------
        C1: CCSD=     -0.32506491 Eh
        C2: CCSD=      -0.2702831 Eh
        H1: CCSD=    -0.075818846 Eh
        H2: CCSD=     -0.07581895 Eh
        H4: CCSD=     -0.07565233 Eh
        H5: CCSD=    -0.076520957 Eh
        H6: CCSD=    -0.075653317 Eh
     H3,O1: CCSD=     -0.41892025 Eh
Wall time: 28 s
CCSD correlation energy:    +0
EmbCCSD correlation energy: -0.611921
Error:                      -0.611921
% Correlation:             -inf %
Now calculating distance=0.800
Local correlation energy contributions
--------------------------------------
        C1 [N= 30,B0= 13,B= 30,F=101]: CCSD=     -0.11979845 Eh  (T)=              +0 Eh
        C2 [N= 30,B0= 13,B= 30,F=101]: CCSD=     -0.12908426 Eh  (T)=              +0 Eh
        H1 [N= 14,B0= 12,B= 15,F=133]: CCSD=    -0.021509569 Eh  (T)=              +0 Eh
        H2 [N= 14,B0= 12,B= 15,F=133]: CCSD=    -0.021509484 Eh  (T)=              +0 Eh
        H4 [N= 14,B0= 13,B= 14,F=133]: CCSD=    -0.020218541 Eh  (T)=              +0 Eh
        H5 [N= 14,B0= 12,B= 15,F=133]: CCSD=     -0.02074249 Eh  (T)=              +0 Eh
        H6 [N= 14,B0= 13,B= 14,F=133]: CCSD=    -0.020218944 Eh  (T)=              +0 Eh
     H3,O1 [N= 44,B0= 13,B= 44,F= 73]: CCSD=     -0.26112509 Eh  (T)=              +0 Eh
        C1 [N= 30,B0= 13,B= 30,F=101]: CCSD=     -0.11979845 Eh  (T)=              +0 Eh
        C2 [N= 30,B0= 13,B= 30,F=101]: CCSD=     -0.12908426 Eh  (T)=              +0 Eh
        H1 [N= 14,B0= 12,B= 15,F=133]: CCSD=    -0.021509569 Eh  (T)=              +0 Eh
        H2 [N= 14,B0= 12,B= 15,F=133]: CCSD=    -0.021509484 Eh  (T)=              +0 Eh
        H4 [N= 14,B0= 13,B= 14,F=133]: CCSD=    -0.020218541 Eh  (T)=              +0 Eh
        H5 [N= 14,B0= 12,B= 15,F=133]: CCSD=     -0.02074249 Eh  (T)=              +0 Eh
        H6 [N= 14,B0= 13,B= 14,F=133]: CCSD=    -0.020218944 Eh  (T)=              +0 Eh
     H3,O1 [N= 44,B0= 13,B= 44,F= 73]: CCSD=     -0.26112509 Eh  (T)=              +0 Eh
     Total:                            CCSD=     -0.61420683 Eh  (T)=              +0 Eh
Full cluster CCSD energies
--------------------------
        C1: CCSD=      -0.3257021 Eh
        C2: CCSD=     -0.27051275 Eh
        H1: CCSD=    -0.075955623 Eh
        H2: CCSD=    -0.075955797 Eh
        H4: CCSD=    -0.075694801 Eh
        H5: CCSD=     -0.07652194 Eh
        H6: CCSD=    -0.075695795 Eh
     H3,O1: CCSD=     -0.42120171 Eh
Wall time: 27 s
CCSD correlation energy:    +0
EmbCCSD correlation energy: -0.614207
Error:                      -0.614207
% Correlation:             -inf %
Now calculating distance=0.900
Local correlation energy contributions
--------------------------------------
        C1 [N= 30,B0= 13,B= 30,F=101]: CCSD=     -0.11980473 Eh  (T)=              +0 Eh
        C2 [N= 30,B0= 13,B= 30,F=101]: CCSD=     -0.12914942 Eh  (T)=              +0 Eh
        H1 [N= 14,B0= 12,B= 15,F=133]: CCSD=    -0.021565873 Eh  (T)=              +0 Eh
        H2 [N= 14,B0= 12,B= 15,F=133]: CCSD=    -0.021565805 Eh  (T)=              +0 Eh
        H4 [N= 14,B0= 13,B= 14,F=133]: CCSD=     -0.02022565 Eh  (T)=              +0 Eh
        H5 [N= 14,B0= 12,B= 15,F=133]: CCSD=    -0.020734964 Eh  (T)=              +0 Eh
        H6 [N= 14,B0= 13,B= 14,F=133]: CCSD=    -0.020226042 Eh  (T)=              +0 Eh
     H3,O1 [N= 44,B0= 13,B= 44,F= 73]: CCSD=     -0.26381969 Eh  (T)=              +0 Eh
        C1 [N= 30,B0= 13,B= 30,F=101]: CCSD=     -0.11980473 Eh  (T)=              +0 Eh
        C2 [N= 30,B0= 13,B= 30,F=101]: CCSD=     -0.12914942 Eh  (T)=              +0 Eh
        H1 [N= 14,B0= 12,B= 15,F=133]: CCSD=    -0.021565873 Eh  (T)=              +0 Eh
        H2 [N= 14,B0= 12,B= 15,F=133]: CCSD=    -0.021565805 Eh  (T)=              +0 Eh
        H4 [N= 14,B0= 13,B= 14,F=133]: CCSD=     -0.02022565 Eh  (T)=              +0 Eh
        H5 [N= 14,B0= 12,B= 15,F=133]: CCSD=    -0.020734964 Eh  (T)=              +0 Eh
        H6 [N= 14,B0= 13,B= 14,F=133]: CCSD=    -0.020226042 Eh  (T)=              +0 Eh
     H3,O1 [N= 44,B0= 13,B= 44,F= 73]: CCSD=     -0.26381969 Eh  (T)=              +0 Eh
     Total:                            CCSD=     -0.61709217 Eh  (T)=              +0 Eh
Full cluster CCSD energies
--------------------------
        C1: CCSD=       -0.326795 Eh
        C2: CCSD=     -0.27078777 Eh
        H1: CCSD=    -0.076107628 Eh
        H2: CCSD=    -0.076107863 Eh
        H4: CCSD=    -0.075733447 Eh
        H5: CCSD=    -0.076515844 Eh
        H6: CCSD=     -0.07573442 Eh
     H3,O1: CCSD=     -0.42214202 Eh
Wall time: 28 s
CCSD correlation energy:    +0
EmbCCSD correlation energy: -0.617092
Error:                      -0.617092
% Correlation:             -inf %
Now calculating distance=1.000
Local correlation energy contributions
--------------------------------------
        C1 [N= 30,B0= 13,B= 30,F=101]: CCSD=     -0.11985552 Eh  (T)=              +0 Eh
        C2 [N= 30,B0= 13,B= 30,F=101]: CCSD=     -0.12919879 Eh  (T)=              +0 Eh
        H1 [N= 14,B0= 12,B= 15,F=133]: CCSD=    -0.021611026 Eh  (T)=              +0 Eh
        H2 [N= 14,B0= 12,B= 15,F=133]: CCSD=    -0.021610972 Eh  (T)=              +0 Eh
        H4 [N= 14,B0= 13,B= 14,F=133]: CCSD=    -0.020229289 Eh  (T)=              +0 Eh
        H5 [N= 14,B0= 12,B= 15,F=133]: CCSD=    -0.020722556 Eh  (T)=              +0 Eh
        H6 [N= 14,B0= 13,B= 14,F=133]: CCSD=    -0.020229669 Eh  (T)=              +0 Eh
     H3,O1 [N= 44,B0= 13,B= 44,F= 73]: CCSD=      -0.2668703 Eh  (T)=              +0 Eh
        C1 [N= 30,B0= 13,B= 30,F=101]: CCSD=     -0.11985552 Eh  (T)=              +0 Eh
        C2 [N= 30,B0= 13,B= 30,F=101]: CCSD=     -0.12919879 Eh  (T)=              +0 Eh
        H1 [N= 14,B0= 12,B= 15,F=133]: CCSD=    -0.021611026 Eh  (T)=              +0 Eh
        H2 [N= 14,B0= 12,B= 15,F=133]: CCSD=    -0.021610972 Eh  (T)=              +0 Eh
        H4 [N= 14,B0= 13,B= 14,F=133]: CCSD=    -0.020229289 Eh  (T)=              +0 Eh
        H5 [N= 14,B0= 12,B= 15,F=133]: CCSD=    -0.020722556 Eh  (T)=              +0 Eh
        H6 [N= 14,B0= 13,B= 14,F=133]: CCSD=    -0.020229669 Eh  (T)=              +0 Eh
     H3,O1 [N= 44,B0= 13,B= 44,F= 73]: CCSD=      -0.2668703 Eh  (T)=              +0 Eh
     Total:                            CCSD=     -0.62032813 Eh  (T)=              +0 Eh
Full cluster CCSD energies
--------------------------
        C1: CCSD=     -0.32828776 Eh
        C2: CCSD=     -0.27112013 Eh
        H1: CCSD=    -0.076272596 Eh
        H2: CCSD=    -0.076272879 Eh
        H4: CCSD=    -0.075763025 Eh
        H5: CCSD=    -0.076501963 Eh
        H6: CCSD=    -0.075763964 Eh
     H3,O1: CCSD=     -0.42061264 Eh
Wall time: 27 s
CCSD correlation energy:    +0
EmbCCSD correlation energy: -0.620328
Error:                      -0.620328
% Correlation:             -inf %
Now calculating distance=1.100
Local correlation energy contributions
--------------------------------------
        C1 [N= 30,B0= 13,B= 30,F=101]: CCSD=     -0.11992014 Eh  (T)=              +0 Eh
        C2 [N= 30,B0= 13,B= 30,F=101]: CCSD=     -0.12922921 Eh  (T)=              +0 Eh
        H1 [N= 14,B0= 12,B= 15,F=133]: CCSD=    -0.021642781 Eh  (T)=              +0 Eh
        H2 [N= 14,B0= 12,B= 15,F=133]: CCSD=     -0.02164274 Eh  (T)=              +0 Eh
        H4 [N= 14,B0= 13,B= 14,F=133]: CCSD=    -0.020230269 Eh  (T)=              +0 Eh
        H5 [N= 14,B0= 12,B= 15,F=133]: CCSD=    -0.020705813 Eh  (T)=              +0 Eh
        H6 [N= 14,B0= 13,B= 14,F=133]: CCSD=    -0.020230638 Eh  (T)=              +0 Eh
     H3,O1 [N= 44,B0= 13,B= 44,F= 73]: CCSD=     -0.27036099 Eh  (T)=              +0 Eh
        C1 [N= 30,B0= 13,B= 30,F=101]: CCSD=     -0.11992014 Eh  (T)=              +0 Eh
        C2 [N= 30,B0= 13,B= 30,F=101]: CCSD=     -0.12922921 Eh  (T)=              +0 Eh
        H1 [N= 14,B0= 12,B= 15,F=133]: CCSD=    -0.021642781 Eh  (T)=              +0 Eh
        H2 [N= 14,B0= 12,B= 15,F=133]: CCSD=     -0.02164274 Eh  (T)=              +0 Eh
        H4 [N= 14,B0= 13,B= 14,F=133]: CCSD=    -0.020230269 Eh  (T)=              +0 Eh
        H5 [N= 14,B0= 12,B= 15,F=133]: CCSD=    -0.020705813 Eh  (T)=              +0 Eh
        H6 [N= 14,B0= 13,B= 14,F=133]: CCSD=    -0.020230638 Eh  (T)=              +0 Eh
     H3,O1 [N= 44,B0= 13,B= 44,F= 73]: CCSD=     -0.27036099 Eh  (T)=              +0 Eh
     Total:                            CCSD=     -0.62396258 Eh  (T)=              +0 Eh
Full cluster CCSD energies
--------------------------
        C1: CCSD=     -0.33017866 Eh
        C2: CCSD=     -0.27153142 Eh
        H1: CCSD=    -0.076439109 Eh
        H2: CCSD=    -0.076439429 Eh
        H4: CCSD=     -0.07578519 Eh
        H5: CCSD=    -0.076481595 Eh
        H6: CCSD=    -0.075786088 Eh
     H3,O1: CCSD=     -0.42552425 Eh
Wall time: 27 s
CCSD correlation energy:    +0
EmbCCSD correlation energy: -0.623963
Error:                      -0.623963
% Correlation:             -inf %
Now calculating distance=1.200
Local correlation energy contributions
--------------------------------------
        C1 [N= 30,B0= 13,B= 30,F=101]: CCSD=     -0.11998475 Eh  (T)=              +0 Eh
        C2 [N= 30,B0= 13,B= 30,F=101]: CCSD=     -0.12924711 Eh  (T)=              +0 Eh
        H1 [N= 14,B0= 12,B= 15,F=133]: CCSD=    -0.021659245 Eh  (T)=              +0 Eh
        H2 [N= 14,B0= 12,B= 15,F=133]: CCSD=    -0.021659212 Eh  (T)=              +0 Eh
        H4 [N= 14,B0= 13,B= 14,F=133]: CCSD=    -0.020229085 Eh  (T)=              +0 Eh
        H5 [N= 14,B0= 12,B= 15,F=133]: CCSD=    -0.020684998 Eh  (T)=              +0 Eh
        H6 [N= 14,B0= 13,B= 14,F=133]: CCSD=    -0.020229442 Eh  (T)=              +0 Eh
     H3,O1 [N= 44,B0= 13,B= 44,F= 73]: CCSD=     -0.27417638 Eh  (T)=              +0 Eh
        C1 [N= 30,B0= 13,B= 30,F=101]: CCSD=     -0.11998475 Eh  (T)=              +0 Eh
        C2 [N= 30,B0= 13,B= 30,F=101]: CCSD=     -0.12924711 Eh  (T)=              +0 Eh
        H1 [N= 14,B0= 12,B= 15,F=133]: CCSD=    -0.021659245 Eh  (T)=              +0 Eh
        H2 [N= 14,B0= 12,B= 15,F=133]: CCSD=    -0.021659212 Eh  (T)=              +0 Eh
        H4 [N= 14,B0= 13,B= 14,F=133]: CCSD=    -0.020229085 Eh  (T)=              +0 Eh
        H5 [N= 14,B0= 12,B= 15,F=133]: CCSD=    -0.020684998 Eh  (T)=              +0 Eh
        H6 [N= 14,B0= 13,B= 14,F=133]: CCSD=    -0.020229442 Eh  (T)=              +0 Eh
     H3,O1 [N= 44,B0= 13,B= 44,F= 73]: CCSD=     -0.27417638 Eh  (T)=              +0 Eh
     Total:                            CCSD=     -0.62787023 Eh  (T)=              +0 Eh
Full cluster CCSD energies
--------------------------
        C1: CCSD=     -0.33243172 Eh
        C2: CCSD=     -0.27205503 Eh
        H1: CCSD=    -0.076594536 Eh
        H2: CCSD=    -0.076594884 Eh
        H4: CCSD=    -0.075803146 Eh
        H5: CCSD=    -0.076457576 Eh
        H6: CCSD=    -0.075803996 Eh
     H3,O1: CCSD=     -0.43083868 Eh
Wall time: 27 s
CCSD correlation energy:    +0
EmbCCSD correlation energy: -0.62787
Error:                      -0.62787
% Correlation:             -inf %
Now calculating distance=1.300
Local correlation energy contributions
--------------------------------------
        C1 [N= 30,B0= 13,B= 30,F=101]: CCSD=     -0.12005002 Eh  (T)=              +0 Eh
        C2 [N= 30,B0= 13,B= 30,F=101]: CCSD=     -0.12926005 Eh  (T)=              +0 Eh
        H1 [N= 14,B0= 12,B= 15,F=133]: CCSD=      -0.0216601 Eh  (T)=              +0 Eh
        H2 [N= 14,B0= 12,B= 15,F=133]: CCSD=    -0.021660072 Eh  (T)=              +0 Eh
        H4 [N= 14,B0= 13,B= 14,F=133]: CCSD=    -0.020225724 Eh  (T)=              +0 Eh
        H5 [N= 14,B0= 12,B= 15,F=133]: CCSD=    -0.020660405 Eh  (T)=              +0 Eh
        H6 [N= 14,B0= 13,B= 14,F=133]: CCSD=     -0.02022607 Eh  (T)=              +0 Eh
     H3,O1 [N= 44,B0= 13,B= 44,F= 73]: CCSD=     -0.27834863 Eh  (T)=              +0 Eh
        C1 [N= 30,B0= 13,B= 30,F=101]: CCSD=     -0.12005002 Eh  (T)=              +0 Eh
        C2 [N= 30,B0= 13,B= 30,F=101]: CCSD=     -0.12926005 Eh  (T)=              +0 Eh
        H1 [N= 14,B0= 12,B= 15,F=133]: CCSD=      -0.0216601 Eh  (T)=              +0 Eh
        H2 [N= 14,B0= 12,B= 15,F=133]: CCSD=    -0.021660072 Eh  (T)=              +0 Eh
        H4 [N= 14,B0= 13,B= 14,F=133]: CCSD=    -0.020225724 Eh  (T)=              +0 Eh
        H5 [N= 14,B0= 12,B= 15,F=133]: CCSD=    -0.020660405 Eh  (T)=              +0 Eh
        H6 [N= 14,B0= 13,B= 14,F=133]: CCSD=     -0.02022607 Eh  (T)=              +0 Eh
     H3,O1 [N= 44,B0= 13,B= 44,F= 73]: CCSD=     -0.27834863 Eh  (T)=              +0 Eh
     Total:                            CCSD=     -0.63209108 Eh  (T)=              +0 Eh
Full cluster CCSD energies
--------------------------
        C1: CCSD=     -0.33490536 Eh
        C2: CCSD=     -0.27272117 Eh
        H1: CCSD=    -0.076731985 Eh
        H2: CCSD=    -0.076732357 Eh
        H4: CCSD=    -0.075817352 Eh
        H5: CCSD=    -0.076433561 Eh
        H6: CCSD=    -0.075818147 Eh
     H3,O1: CCSD=      -0.4358209 Eh
Wall time: 28 s
CCSD correlation energy:    +0
EmbCCSD correlation energy: -0.632091
Error:                      -0.632091
% Correlation:             -inf %
Now calculating distance=1.400
Local correlation energy contributions
--------------------------------------
        C1 [N= 30,B0= 13,B= 30,F=101]: CCSD=     -0.12011857 Eh  (T)=              +0 Eh
        C2 [N= 30,B0= 13,B= 30,F=101]: CCSD=     -0.12927135 Eh  (T)=              +0 Eh
        H1 [N= 14,B0= 12,B= 15,F=133]: CCSD=    -0.021646241 Eh  (T)=              +0 Eh
        H2 [N= 14,B0= 12,B= 15,F=133]: CCSD=    -0.021646213 Eh  (T)=              +0 Eh
        H4 [N= 14,B0= 13,B= 14,F=133]: CCSD=    -0.020220257 Eh  (T)=              +0 Eh
        H5 [N= 14,B0= 12,B= 15,F=133]: CCSD=    -0.020632697 Eh  (T)=              +0 Eh
        H6 [N= 14,B0= 13,B= 14,F=133]: CCSD=    -0.020220589 Eh  (T)=              +0 Eh
     H3,O1 [N= 44,B0= 13,B= 44,F= 73]: CCSD=     -0.28294586 Eh  (T)=              +0 Eh
        C1 [N= 30,B0= 13,B= 30,F=101]: CCSD=     -0.12011857 Eh  (T)=              +0 Eh
        C2 [N= 30,B0= 13,B= 30,F=101]: CCSD=     -0.12927135 Eh  (T)=              +0 Eh
        H1 [N= 14,B0= 12,B= 15,F=133]: CCSD=    -0.021646241 Eh  (T)=              +0 Eh
        H2 [N= 14,B0= 12,B= 15,F=133]: CCSD=    -0.021646213 Eh  (T)=              +0 Eh
        H4 [N= 14,B0= 13,B= 14,F=133]: CCSD=    -0.020220257 Eh  (T)=              +0 Eh
        H5 [N= 14,B0= 12,B= 15,F=133]: CCSD=    -0.020632697 Eh  (T)=              +0 Eh
        H6 [N= 14,B0= 13,B= 14,F=133]: CCSD=    -0.020220589 Eh  (T)=              +0 Eh
     H3,O1 [N= 44,B0= 13,B= 44,F= 73]: CCSD=     -0.28294586 Eh  (T)=              +0 Eh
     Total:                            CCSD=     -0.63670177 Eh  (T)=              +0 Eh
Full cluster CCSD energies
--------------------------
        C1: CCSD=     -0.33741282 Eh
        C2: CCSD=     -0.27354923 Eh
        H1: CCSD=    -0.076850668 Eh
        H2: CCSD=    -0.076851069 Eh
        H4: CCSD=    -0.075826806 Eh
        H5: CCSD=    -0.076413629 Eh
        H6: CCSD=    -0.075827536 Eh
     H3,O1: CCSD=     -0.44102022 Eh
Wall time: 29 s
CCSD correlation energy:    +0
EmbCCSD correlation energy: -0.636702
Error:                      -0.636702
% Correlation:             -inf %
Now calculating distance=1.500
Local correlation energy contributions
--------------------------------------
        C1 [N= 30,B0= 13,B= 30,F=101]: CCSD=     -0.12019502 Eh  (T)=              +0 Eh
        C2 [N= 30,B0= 13,B= 30,F=101]: CCSD=     -0.12928162 Eh  (T)=              +0 Eh
        H1 [N= 14,B0= 12,B= 15,F=133]: CCSD=    -0.021619299 Eh  (T)=              +0 Eh
        H2 [N= 14,B0= 12,B= 15,F=133]: CCSD=    -0.021619267 Eh  (T)=              +0 Eh
        H4 [N= 14,B0= 13,B= 14,F=133]: CCSD=    -0.020212916 Eh  (T)=              +0 Eh
        H5 [N= 14,B0= 12,B= 15,F=133]: CCSD=     -0.02060277 Eh  (T)=              +0 Eh
        H6 [N= 14,B0= 13,B= 14,F=133]: CCSD=    -0.020213232 Eh  (T)=              +0 Eh
     H3,O1 [N= 44,B0= 13,B= 44,F= 73]: CCSD=     -0.28802102 Eh  (T)=              +0 Eh
        C1 [N= 30,B0= 13,B= 30,F=101]: CCSD=     -0.12019502 Eh  (T)=              +0 Eh
        C2 [N= 30,B0= 13,B= 30,F=101]: CCSD=     -0.12928162 Eh  (T)=              +0 Eh
        H1 [N= 14,B0= 12,B= 15,F=133]: CCSD=    -0.021619299 Eh  (T)=              +0 Eh
        H2 [N= 14,B0= 12,B= 15,F=133]: CCSD=    -0.021619267 Eh  (T)=              +0 Eh
        H4 [N= 14,B0= 13,B= 14,F=133]: CCSD=    -0.020212916 Eh  (T)=              +0 Eh
        H5 [N= 14,B0= 12,B= 15,F=133]: CCSD=     -0.02060277 Eh  (T)=              +0 Eh
        H6 [N= 14,B0= 13,B= 14,F=133]: CCSD=    -0.020213232 Eh  (T)=              +0 Eh
     H3,O1 [N= 44,B0= 13,B= 44,F= 73]: CCSD=     -0.28802102 Eh  (T)=              +0 Eh
     Total:                            CCSD=     -0.64176514 Eh  (T)=              +0 Eh
Full cluster CCSD energies
--------------------------
        C1: CCSD=     -0.33983848 Eh
        C2: CCSD=     -0.27454661 Eh
        H1: CCSD=    -0.076954285 Eh
        H2: CCSD=    -0.076954722 Eh
        H4: CCSD=    -0.075830804 Eh
        H5: CCSD=    -0.076401961 Eh
        H6: CCSD=    -0.075831464 Eh
     H3,O1: CCSD=     -0.44646341 Eh
Wall time: 29 s
CCSD correlation energy:    +0
EmbCCSD correlation energy: -0.641765
Error:                      -0.641765
% Correlation:             -inf %
Now calculating distance=1.600
Local correlation energy contributions
--------------------------------------
        C1 [N= 30,B0= 13,B= 30,F=101]: CCSD=     -0.12028557 Eh  (T)=              +0 Eh
        C2 [N= 30,B0= 13,B= 30,F=101]: CCSD=     -0.12929098 Eh  (T)=              +0 Eh
        H1 [N= 14,B0= 12,B= 15,F=133]: CCSD=    -0.021581524 Eh  (T)=              +0 Eh
        H2 [N= 14,B0= 12,B= 15,F=133]: CCSD=    -0.021581485 Eh  (T)=              +0 Eh
        H4 [N= 14,B0= 13,B= 14,F=133]: CCSD=    -0.020203953 Eh  (T)=              +0 Eh
        H5 [N= 14,B0= 12,B= 15,F=133]: CCSD=    -0.020571584 Eh  (T)=              +0 Eh
        H6 [N= 14,B0= 13,B= 14,F=133]: CCSD=    -0.020204251 Eh  (T)=              +0 Eh
     H3,O1 [N= 44,B0= 13,B= 44,F= 73]: CCSD=     -0.29360036 Eh  (T)=              +0 Eh
        C1 [N= 30,B0= 13,B= 30,F=101]: CCSD=     -0.12028557 Eh  (T)=              +0 Eh
        C2 [N= 30,B0= 13,B= 30,F=101]: CCSD=     -0.12929098 Eh  (T)=              +0 Eh
        H1 [N= 14,B0= 12,B= 15,F=133]: CCSD=    -0.021581524 Eh  (T)=              +0 Eh
        H2 [N= 14,B0= 12,B= 15,F=133]: CCSD=    -0.021581485 Eh  (T)=              +0 Eh
        H4 [N= 14,B0= 13,B= 14,F=133]: CCSD=    -0.020203953 Eh  (T)=              +0 Eh
        H5 [N= 14,B0= 12,B= 15,F=133]: CCSD=    -0.020571584 Eh  (T)=              +0 Eh
        H6 [N= 14,B0= 13,B= 14,F=133]: CCSD=    -0.020204251 Eh  (T)=              +0 Eh
     H3,O1 [N= 44,B0= 13,B= 44,F= 73]: CCSD=     -0.29360036 Eh  (T)=              +0 Eh
     Total:                            CCSD=     -0.64731971 Eh  (T)=              +0 Eh
Full cluster CCSD energies
--------------------------
        C1: CCSD=     -0.34216768 Eh
        C2: CCSD=     -0.27570891 Eh
        H1: CCSD=    -0.077049881 Eh
        H2: CCSD=     -0.07705037 Eh
        H4: CCSD=    -0.075829292 Eh
        H5: CCSD=    -0.076402227 Eh
        H6: CCSD=    -0.075829877 Eh
     H3,O1: CCSD=     -0.45198008 Eh
Wall time: 35 s
CCSD correlation energy:    +0
EmbCCSD correlation energy: -0.64732
Error:                      -0.64732
% Correlation:             -inf %
Now calculating distance=1.700
Local correlation energy contributions
--------------------------------------
        C1 [N= 30,B0= 13,B= 30,F=101]: CCSD=     -0.12039586 Eh  (T)=              +0 Eh
        C2 [N= 30,B0= 13,B= 30,F=101]: CCSD=      -0.1293002 Eh  (T)=              +0 Eh
        H1 [N= 14,B0= 12,B= 15,F=133]: CCSD=    -0.021535529 Eh  (T)=              +0 Eh
        H2 [N= 14,B0= 12,B= 15,F=133]: CCSD=    -0.021535481 Eh  (T)=              +0 Eh
        H4 [N= 14,B0= 13,B= 14,F=133]: CCSD=    -0.020193641 Eh  (T)=              +0 Eh
        H5 [N= 14,B0= 12,B= 15,F=133]: CCSD=    -0.020540098 Eh  (T)=              +0 Eh
        H6 [N= 14,B0= 13,B= 14,F=133]: CCSD=    -0.020193921 Eh  (T)=              +0 Eh
     H3,O1 [N= 44,B0= 13,B= 44,F= 73]: CCSD=     -0.29967154 Eh  (T)=              +0 Eh
        C1 [N= 30,B0= 13,B= 30,F=101]: CCSD=     -0.12039586 Eh  (T)=              +0 Eh
        C2 [N= 30,B0= 13,B= 30,F=101]: CCSD=      -0.1293002 Eh  (T)=              +0 Eh
        H1 [N= 14,B0= 12,B= 15,F=133]: CCSD=    -0.021535529 Eh  (T)=              +0 Eh
        H2 [N= 14,B0= 12,B= 15,F=133]: CCSD=    -0.021535481 Eh  (T)=              +0 Eh
        H4 [N= 14,B0= 13,B= 14,F=133]: CCSD=    -0.020193641 Eh  (T)=              +0 Eh
        H5 [N= 14,B0= 12,B= 15,F=133]: CCSD=    -0.020540098 Eh  (T)=              +0 Eh
        H6 [N= 14,B0= 13,B= 14,F=133]: CCSD=    -0.020193921 Eh  (T)=              +0 Eh
     H3,O1 [N= 44,B0= 13,B= 44,F= 73]: CCSD=     -0.29967154 Eh  (T)=              +0 Eh
     Total:                            CCSD=     -0.65336628 Eh  (T)=              +0 Eh
Full cluster CCSD energies
--------------------------
        C1: CCSD=     -0.34443706 Eh
        C2: CCSD=     -0.27702128 Eh
        H1: CCSD=    -0.077146651 Eh
        H2: CCSD=    -0.077147213 Eh
        H4: CCSD=    -0.075822716 Eh
        H5: CCSD=    -0.076417087 Eh
        H6: CCSD=    -0.075823223 Eh
     H3,O1: CCSD=     -0.45738802 Eh
Wall time: 37 s
CCSD correlation energy:    +0
EmbCCSD correlation energy: -0.653366
Error:                      -0.653366
% Correlation:             -inf %
Now calculating distance=1.800
Local correlation energy contributions
--------------------------------------
        C1 [N= 30,B0= 13,B= 30,F=101]: CCSD=     -0.12052835 Eh  (T)=              +0 Eh
        C2 [N= 30,B0= 13,B= 30,F=101]: CCSD=     -0.12931141 Eh  (T)=              +0 Eh
        H1 [N= 14,B0= 12,B= 15,F=133]: CCSD=    -0.021484062 Eh  (T)=              +0 Eh
        H2 [N= 14,B0= 12,B= 15,F=133]: CCSD=    -0.021484004 Eh  (T)=              +0 Eh
        H4 [N= 14,B0= 13,B= 14,F=133]: CCSD=    -0.020182225 Eh  (T)=              +0 Eh
        H5 [N= 14,B0= 12,B= 15,F=133]: CCSD=    -0.020509125 Eh  (T)=              +0 Eh
        H6 [N= 14,B0= 13,B= 14,F=133]: CCSD=    -0.020182485 Eh  (T)=              +0 Eh
     H3,O1 [N= 44,B0= 13,B= 44,F= 73]: CCSD=     -0.30618599 Eh  (T)=              +0 Eh
        C1 [N= 30,B0= 13,B= 30,F=101]: CCSD=     -0.12052835 Eh  (T)=              +0 Eh
        C2 [N= 30,B0= 13,B= 30,F=101]: CCSD=     -0.12931141 Eh  (T)=              +0 Eh
        H1 [N= 14,B0= 12,B= 15,F=133]: CCSD=    -0.021484062 Eh  (T)=              +0 Eh
        H2 [N= 14,B0= 12,B= 15,F=133]: CCSD=    -0.021484004 Eh  (T)=              +0 Eh
        H4 [N= 14,B0= 13,B= 14,F=133]: CCSD=    -0.020182225 Eh  (T)=              +0 Eh
        H5 [N= 14,B0= 12,B= 15,F=133]: CCSD=    -0.020509125 Eh  (T)=              +0 Eh
        H6 [N= 14,B0= 13,B= 14,F=133]: CCSD=    -0.020182485 Eh  (T)=              +0 Eh
     H3,O1 [N= 44,B0= 13,B= 44,F= 73]: CCSD=     -0.30618599 Eh  (T)=              +0 Eh
     Total:                            CCSD=     -0.65986765 Eh  (T)=              +0 Eh
Full cluster CCSD energies
--------------------------
        C1: CCSD=     -0.34668816 Eh
        C2: CCSD=     -0.27846219 Eh
        H1: CCSD=    -0.077254636 Eh
        H2: CCSD=    -0.077255295 Eh
        H4: CCSD=    -0.075811834 Eh
        H5: CCSD=    -0.076447924 Eh
        H6: CCSD=    -0.075812259 Eh
     H3,O1: CCSD=     -0.46256071 Eh
Wall time: 37 s
CCSD correlation energy:    +0
EmbCCSD correlation energy: -0.659868
Error:                      -0.659868
% Correlation:             -inf %
Now calculating distance=1.900
Local correlation energy contributions
--------------------------------------
        C1 [N= 30,B0= 13,B= 30,F=101]: CCSD=     -0.12068072 Eh  (T)=              +0 Eh
        C2 [N= 30,B0= 13,B= 30,F=101]: CCSD=     -0.12932781 Eh  (T)=              +0 Eh
        H1 [N= 14,B0= 12,B= 15,F=133]: CCSD=    -0.021429756 Eh  (T)=              +0 Eh
        H2 [N= 14,B0= 12,B= 15,F=133]: CCSD=    -0.021429686 Eh  (T)=              +0 Eh
        H4 [N= 14,B0= 13,B= 14,F=133]: CCSD=    -0.020169964 Eh  (T)=              +0 Eh
        H5 [N= 14,B0= 12,B= 15,F=133]: CCSD=    -0.020479242 Eh  (T)=              +0 Eh
        H6 [N= 14,B0= 13,B= 14,F=133]: CCSD=    -0.020170205 Eh  (T)=              +0 Eh
     H3,O1 [N= 44,B0= 13,B= 44,F= 73]: CCSD=     -0.31306783 Eh  (T)=              +0 Eh
        C1 [N= 30,B0= 13,B= 30,F=101]: CCSD=     -0.12068072 Eh  (T)=              +0 Eh
        C2 [N= 30,B0= 13,B= 30,F=101]: CCSD=     -0.12932781 Eh  (T)=              +0 Eh
        H1 [N= 14,B0= 12,B= 15,F=133]: CCSD=    -0.021429756 Eh  (T)=              +0 Eh
        H2 [N= 14,B0= 12,B= 15,F=133]: CCSD=    -0.021429686 Eh  (T)=              +0 Eh
        H4 [N= 14,B0= 13,B= 14,F=133]: CCSD=    -0.020169964 Eh  (T)=              +0 Eh
        H5 [N= 14,B0= 12,B= 15,F=133]: CCSD=    -0.020479242 Eh  (T)=              +0 Eh
        H6 [N= 14,B0= 13,B= 14,F=133]: CCSD=    -0.020170205 Eh  (T)=              +0 Eh
     H3,O1 [N= 44,B0= 13,B= 44,F= 73]: CCSD=     -0.31306783 Eh  (T)=              +0 Eh
     Total:                            CCSD=     -0.66675522 Eh  (T)=              +0 Eh
Full cluster CCSD energies
--------------------------
        C1: CCSD=     -0.34894897 Eh
        C2: CCSD=     -0.28000778 Eh
        H1: CCSD=    -0.077383264 Eh
        H2: CCSD=    -0.077384049 Eh
        H4: CCSD=    -0.075797554 Eh
        H5: CCSD=    -0.076494784 Eh
        H6: CCSD=    -0.075797898 Eh
     H3,O1: CCSD=     -0.46765612 Eh
Wall time: 37 s
CCSD correlation energy:    +0
EmbCCSD correlation energy: -0.666755
Error:                      -0.666755
% Correlation:             -inf %
Now calculating distance=2.000
Local correlation energy contributions
--------------------------------------
        C1 [N= 30,B0= 13,B= 30,F=101]: CCSD=     -0.12084546 Eh  (T)=              +0 Eh
        C2 [N= 30,B0= 13,B= 30,F=101]: CCSD=     -0.12935294 Eh  (T)=              +0 Eh
        H1 [N= 14,B0= 12,B= 15,F=133]: CCSD=     -0.02137507 Eh  (T)=              +0 Eh
        H2 [N= 14,B0= 12,B= 15,F=133]: CCSD=    -0.021374989 Eh  (T)=              +0 Eh
        H4 [N= 14,B0= 13,B= 14,F=133]: CCSD=    -0.020157135 Eh  (T)=              +0 Eh
        H5 [N= 14,B0= 12,B= 15,F=133]: CCSD=    -0.020450813 Eh  (T)=              +0 Eh
        H6 [N= 14,B0= 13,B= 14,F=133]: CCSD=    -0.020157358 Eh  (T)=              +0 Eh
     H3,O1 [N= 44,B0= 13,B= 44,F= 73]: CCSD=     -0.32022979 Eh  (T)=              +0 Eh
        C1 [N= 30,B0= 13,B= 30,F=101]: CCSD=     -0.12084546 Eh  (T)=              +0 Eh
        C2 [N= 30,B0= 13,B= 30,F=101]: CCSD=     -0.12935294 Eh  (T)=              +0 Eh
        H1 [N= 14,B0= 12,B= 15,F=133]: CCSD=     -0.02137507 Eh  (T)=              +0 Eh
        H2 [N= 14,B0= 12,B= 15,F=133]: CCSD=    -0.021374989 Eh  (T)=              +0 Eh
        H4 [N= 14,B0= 13,B= 14,F=133]: CCSD=    -0.020157135 Eh  (T)=              +0 Eh
        H5 [N= 14,B0= 12,B= 15,F=133]: CCSD=    -0.020450813 Eh  (T)=              +0 Eh
        H6 [N= 14,B0= 13,B= 14,F=133]: CCSD=    -0.020157358 Eh  (T)=              +0 Eh
     H3,O1 [N= 44,B0= 13,B= 44,F= 73]: CCSD=     -0.32022979 Eh  (T)=              +0 Eh
     Total:                            CCSD=     -0.67394355 Eh  (T)=              +0 Eh
Full cluster CCSD energies
--------------------------
        C1: CCSD=      -0.3512343 Eh
        C2: CCSD=     -0.28163542 Eh
        H1: CCSD=    -0.077540689 Eh
        H2: CCSD=    -0.077541629 Eh
        H4: CCSD=    -0.075780815 Eh
        H5: CCSD=    -0.076556668 Eh
        H6: CCSD=    -0.075781078 Eh
     H3,O1: CCSD=     -0.47348563 Eh
Wall time: 38 s
CCSD correlation energy:    +0
EmbCCSD correlation energy: -0.673944
Error:                      -0.673944
% Correlation:             -inf %
Now calculating distance=2.100
Local correlation energy contributions
--------------------------------------
        C1 [N= 30,B0= 13,B= 30,F=101]: CCSD=     -0.12101253 Eh  (T)=              +0 Eh
        C2 [N= 30,B0= 13,B= 30,F=101]: CCSD=     -0.12938963 Eh  (T)=              +0 Eh
        H1 [N= 14,B0= 12,B= 15,F=133]: CCSD=    -0.021321997 Eh  (T)=              +0 Eh
        H2 [N= 14,B0= 12,B= 15,F=133]: CCSD=    -0.021321905 Eh  (T)=              +0 Eh
        H4 [N= 14,B0= 13,B= 14,F=133]: CCSD=    -0.020144019 Eh  (T)=              +0 Eh
        H5 [N= 14,B0= 12,B= 15,F=133]: CCSD=    -0.020424019 Eh  (T)=              +0 Eh
        H6 [N= 14,B0= 13,B= 14,F=133]: CCSD=    -0.020144225 Eh  (T)=              +0 Eh
     H3,O1 [N= 44,B0= 13,B= 44,F= 73]: CCSD=     -0.32757332 Eh  (T)=              +0 Eh
        C1 [N= 30,B0= 13,B= 30,F=101]: CCSD=     -0.12101253 Eh  (T)=              +0 Eh
        C2 [N= 30,B0= 13,B= 30,F=101]: CCSD=     -0.12938963 Eh  (T)=              +0 Eh
        H1 [N= 14,B0= 12,B= 15,F=133]: CCSD=    -0.021321997 Eh  (T)=              +0 Eh
        H2 [N= 14,B0= 12,B= 15,F=133]: CCSD=    -0.021321905 Eh  (T)=              +0 Eh
        H4 [N= 14,B0= 13,B= 14,F=133]: CCSD=    -0.020144019 Eh  (T)=              +0 Eh
        H5 [N= 14,B0= 12,B= 15,F=133]: CCSD=    -0.020424019 Eh  (T)=              +0 Eh
        H6 [N= 14,B0= 13,B= 14,F=133]: CCSD=    -0.020144225 Eh  (T)=              +0 Eh
     H3,O1 [N= 44,B0= 13,B= 44,F= 73]: CCSD=     -0.32757332 Eh  (T)=              +0 Eh
     Total:                            CCSD=     -0.68133165 Eh  (T)=              +0 Eh
Full cluster CCSD energies
--------------------------
        C1: CCSD=     -0.35354905 Eh
        C2: CCSD=     -0.28332468 Eh
        H1: CCSD=    -0.077732626 Eh
        H2: CCSD=    -0.077733749 Eh
        H4: CCSD=    -0.075762464 Eh
        H5: CCSD=    -0.076631802 Eh
        H6: CCSD=    -0.075762652 Eh
     H3,O1: CCSD=     -0.48094351 Eh
Wall time: 39 s
CCSD correlation energy:    +0
EmbCCSD correlation energy: -0.681332
Error:                      -0.681332
% Correlation:             -inf %
Now calculating distance=2.200
Local correlation energy contributions
--------------------------------------
        C1 [N= 30,B0= 13,B= 30,F=101]: CCSD=     -0.12117256 Eh  (T)=              +0 Eh
        C2 [N= 30,B0= 13,B= 30,F=101]: CCSD=     -0.12943918 Eh  (T)=              +0 Eh
        H1 [N= 14,B0= 12,B= 15,F=133]: CCSD=    -0.021271999 Eh  (T)=              +0 Eh
        H2 [N= 14,B0= 12,B= 15,F=133]: CCSD=    -0.021271899 Eh  (T)=              +0 Eh
        H4 [N= 14,B0= 13,B= 14,F=133]: CCSD=    -0.020130849 Eh  (T)=              +0 Eh
        H5 [N= 14,B0= 12,B= 15,F=133]: CCSD=    -0.020398987 Eh  (T)=              +0 Eh
        H6 [N= 14,B0= 13,B= 14,F=133]: CCSD=     -0.02013104 Eh  (T)=              +0 Eh
     H3,O1 [N= 44,B0= 13,B= 44,F= 73]: CCSD=     -0.33498334 Eh  (T)=              +0 Eh
        C1 [N= 30,B0= 13,B= 30,F=101]: CCSD=     -0.12117256 Eh  (T)=              +0 Eh
        C2 [N= 30,B0= 13,B= 30,F=101]: CCSD=     -0.12943918 Eh  (T)=              +0 Eh
        H1 [N= 14,B0= 12,B= 15,F=133]: CCSD=    -0.021271999 Eh  (T)=              +0 Eh
        H2 [N= 14,B0= 12,B= 15,F=133]: CCSD=    -0.021271899 Eh  (T)=              +0 Eh
        H4 [N= 14,B0= 13,B= 14,F=133]: CCSD=    -0.020130849 Eh  (T)=              +0 Eh
        H5 [N= 14,B0= 12,B= 15,F=133]: CCSD=    -0.020398987 Eh  (T)=              +0 Eh
        H6 [N= 14,B0= 13,B= 14,F=133]: CCSD=     -0.02013104 Eh  (T)=              +0 Eh
     H3,O1 [N= 44,B0= 13,B= 44,F= 73]: CCSD=     -0.33498334 Eh  (T)=              +0 Eh
     Total:                            CCSD=     -0.68879985 Eh  (T)=              +0 Eh
Full cluster CCSD energies
--------------------------
        C1: CCSD=     -0.35589339 Eh
        C2: CCSD=     -0.28505697 Eh
        H1: CCSD=     -0.07796244 Eh
        H2: CCSD=    -0.077963767 Eh
        H4: CCSD=    -0.075743186 Eh
        H5: CCSD=    -0.076718128 Eh
        H6: CCSD=    -0.075743307 Eh
     H3,O1: CCSD=     -0.48970628 Eh
Wall time: 37 s
CCSD correlation energy:    +0
EmbCCSD correlation energy: -0.6888
Error:                      -0.6888
% Correlation:             -inf %
Now calculating distance=2.300
Local correlation energy contributions
--------------------------------------
        C1 [N= 30,B0= 13,B= 30,F=101]: CCSD=     -0.12131942 Eh  (T)=              +0 Eh
        C2 [N= 30,B0= 13,B= 30,F=101]: CCSD=     -0.12950108 Eh  (T)=              +0 Eh
        H1 [N= 14,B0= 12,B= 15,F=133]: CCSD=    -0.021225901 Eh  (T)=              +0 Eh
        H2 [N= 14,B0= 12,B= 15,F=133]: CCSD=    -0.021225794 Eh  (T)=              +0 Eh
        H4 [N= 14,B0= 13,B= 14,F=133]: CCSD=     -0.02011779 Eh  (T)=              +0 Eh
        H5 [N= 14,B0= 12,B= 15,F=133]: CCSD=    -0.020375823 Eh  (T)=              +0 Eh
        H6 [N= 14,B0= 13,B= 14,F=133]: CCSD=    -0.020117967 Eh  (T)=              +0 Eh
     H3,O1 [N= 44,B0= 13,B= 44,F= 73]: CCSD=      -0.3423542 Eh  (T)=              +0 Eh
        C1 [N= 30,B0= 13,B= 30,F=101]: CCSD=     -0.12131942 Eh  (T)=              +0 Eh
        C2 [N= 30,B0= 13,B= 30,F=101]: CCSD=     -0.12950108 Eh  (T)=              +0 Eh
        H1 [N= 14,B0= 12,B= 15,F=133]: CCSD=    -0.021225901 Eh  (T)=              +0 Eh
        H2 [N= 14,B0= 12,B= 15,F=133]: CCSD=    -0.021225794 Eh  (T)=              +0 Eh
        H4 [N= 14,B0= 13,B= 14,F=133]: CCSD=     -0.02011779 Eh  (T)=              +0 Eh
        H5 [N= 14,B0= 12,B= 15,F=133]: CCSD=    -0.020375823 Eh  (T)=              +0 Eh
        H6 [N= 14,B0= 13,B= 14,F=133]: CCSD=    -0.020117967 Eh  (T)=              +0 Eh
     H3,O1 [N= 44,B0= 13,B= 44,F= 73]: CCSD=      -0.3423542 Eh  (T)=              +0 Eh
     Total:                            CCSD=     -0.69623797 Eh  (T)=              +0 Eh
Full cluster CCSD energies
--------------------------
        C1: CCSD=     -0.35826473 Eh
        C2: CCSD=     -0.28681476 Eh
        H1: CCSD=      -0.0782309 Eh
        H2: CCSD=    -0.078232442 Eh
        H4: CCSD=    -0.075723477 Eh
        H5: CCSD=    -0.076813606 Eh
        H6: CCSD=    -0.075723538 Eh
     H3,O1: CCSD=     -0.49934475 Eh
Wall time: 39 s
CCSD correlation energy:    +0
EmbCCSD correlation energy: -0.696238
Error:                      -0.696238
% Correlation:             -inf %
Now calculating distance=2.400
Local correlation energy contributions
--------------------------------------
        C1 [N= 30,B0= 13,B= 30,F=101]: CCSD=     -0.12145104 Eh  (T)=              +0 Eh
        C2 [N= 30,B0= 13,B= 30,F=101]: CCSD=      -0.1295732 Eh  (T)=              +0 Eh
        H1 [N= 14,B0= 12,B= 15,F=133]: CCSD=     -0.02118402 Eh  (T)=              +0 Eh
        H2 [N= 14,B0= 12,B= 15,F=133]: CCSD=     -0.02118391 Eh  (T)=              +0 Eh
        H4 [N= 14,B0= 13,B= 14,F=133]: CCSD=    -0.020104963 Eh  (T)=              +0 Eh
        H5 [N= 14,B0= 12,B= 15,F=133]: CCSD=    -0.020354641 Eh  (T)=              +0 Eh
        H6 [N= 14,B0= 13,B= 14,F=133]: CCSD=    -0.020105129 Eh  (T)=              +0 Eh
     H3,O1 [N= 44,B0= 13,B= 44,F= 73]: CCSD=     -0.34956927 Eh  (T)=              +0 Eh
        C1 [N= 30,B0= 13,B= 30,F=101]: CCSD=     -0.12145104 Eh  (T)=              +0 Eh
        C2 [N= 30,B0= 13,B= 30,F=101]: CCSD=      -0.1295732 Eh  (T)=              +0 Eh
        H1 [N= 14,B0= 12,B= 15,F=133]: CCSD=     -0.02118402 Eh  (T)=              +0 Eh
        H2 [N= 14,B0= 12,B= 15,F=133]: CCSD=     -0.02118391 Eh  (T)=              +0 Eh
        H4 [N= 14,B0= 13,B= 14,F=133]: CCSD=    -0.020104963 Eh  (T)=              +0 Eh
        H5 [N= 14,B0= 12,B= 15,F=133]: CCSD=    -0.020354641 Eh  (T)=              +0 Eh
        H6 [N= 14,B0= 13,B= 14,F=133]: CCSD=    -0.020105129 Eh  (T)=              +0 Eh
     H3,O1 [N= 44,B0= 13,B= 44,F= 73]: CCSD=     -0.34956927 Eh  (T)=              +0 Eh
     Total:                            CCSD=     -0.70352617 Eh  (T)=              +0 Eh
Full cluster CCSD energies
--------------------------
        C1: CCSD=     -0.36065913 Eh
        C2: CCSD=     -0.28858173 Eh
        H1: CCSD=    -0.078536901 Eh
        H2: CCSD=    -0.078538648 Eh
        H4: CCSD=    -0.075703673 Eh
        H5: CCSD=    -0.076916439 Eh
        H6: CCSD=    -0.075703684 Eh
     H3,O1: CCSD=     -0.50845785 Eh
Wall time: 39 s
CCSD correlation energy:    +0
EmbCCSD correlation energy: -0.703526
Error:                      -0.703526
% Correlation:             -inf %
Now calculating distance=2.500
Local correlation energy contributions
--------------------------------------
        C1 [N= 30,B0= 13,B= 30,F=101]: CCSD=     -0.12156843 Eh  (T)=              +0 Eh
        C2 [N= 30,B0= 13,B= 30,F=101]: CCSD=     -0.12965239 Eh  (T)=              +0 Eh
        H1 [N= 14,B0= 12,B= 15,F=133]: CCSD=    -0.021146305 Eh  (T)=              +0 Eh
        H2 [N= 14,B0= 12,B= 15,F=133]: CCSD=    -0.021146197 Eh  (T)=              +0 Eh
        H4 [N= 14,B0= 13,B= 14,F=133]: CCSD=    -0.020092458 Eh  (T)=              +0 Eh
        H5 [N= 14,B0= 12,B= 15,F=133]: CCSD=    -0.020335536 Eh  (T)=              +0 Eh
        H6 [N= 14,B0= 13,B= 14,F=133]: CCSD=    -0.020092615 Eh  (T)=              +0 Eh
     H3,O1 [N= 44,B0= 13,B= 44,F= 73]: CCSD=      -0.3565448 Eh  (T)=              +0 Eh
        C1 [N= 30,B0= 13,B= 30,F=101]: CCSD=     -0.12156843 Eh  (T)=              +0 Eh
        C2 [N= 30,B0= 13,B= 30,F=101]: CCSD=     -0.12965239 Eh  (T)=              +0 Eh
        H1 [N= 14,B0= 12,B= 15,F=133]: CCSD=    -0.021146305 Eh  (T)=              +0 Eh
        H2 [N= 14,B0= 12,B= 15,F=133]: CCSD=    -0.021146197 Eh  (T)=              +0 Eh
        H4 [N= 14,B0= 13,B= 14,F=133]: CCSD=    -0.020092458 Eh  (T)=              +0 Eh
        H5 [N= 14,B0= 12,B= 15,F=133]: CCSD=    -0.020335536 Eh  (T)=              +0 Eh
        H6 [N= 14,B0= 13,B= 14,F=133]: CCSD=    -0.020092615 Eh  (T)=              +0 Eh
     H3,O1 [N= 44,B0= 13,B= 44,F= 73]: CCSD=      -0.3565448 Eh  (T)=              +0 Eh
     Total:                            CCSD=     -0.71057873 Eh  (T)=              +0 Eh
Full cluster CCSD energies
--------------------------
        C1: CCSD=     -0.36307092 Eh
        C2: CCSD=     -0.29034336 Eh
        H1: CCSD=    -0.078877701 Eh
        H2: CCSD=    -0.078879601 Eh
        H4: CCSD=    -0.075684012 Eh
        H5: CCSD=    -0.077025151 Eh
        H6: CCSD=    -0.075683981 Eh
     H3,O1: CCSD=     -0.51576903 Eh
Wall time: 41 s
CCSD correlation energy:    +0
EmbCCSD correlation energy: -0.710579
Error:                      -0.710579
% Correlation:             -inf %
Now calculating distance=2.600
Local correlation energy contributions
--------------------------------------
        C1 [N= 30,B0= 13,B= 30,F=101]: CCSD=     -0.12167439 Eh  (T)=              +0 Eh
        C2 [N= 30,B0= 13,B= 30,F=101]: CCSD=     -0.12973514 Eh  (T)=              +0 Eh
        H1 [N= 14,B0= 12,B= 15,F=133]: CCSD=    -0.021112564 Eh  (T)=              +0 Eh
        H2 [N= 14,B0= 12,B= 15,F=133]: CCSD=    -0.021112465 Eh  (T)=              +0 Eh
        H4 [N= 14,B0= 13,B= 14,F=133]: CCSD=    -0.020080359 Eh  (T)=              +0 Eh
        H5 [N= 14,B0= 12,B= 15,F=133]: CCSD=    -0.020318558 Eh  (T)=              +0 Eh
        H6 [N= 14,B0= 13,B= 14,F=133]: CCSD=    -0.020080507 Eh  (T)=              +0 Eh
     H3,O1 [N= 44,B0= 13,B= 44,F= 73]: CCSD=     -0.36325526 Eh  (T)=              +0 Eh
        C1 [N= 30,B0= 13,B= 30,F=101]: CCSD=     -0.12167439 Eh  (T)=              +0 Eh
        C2 [N= 30,B0= 13,B= 30,F=101]: CCSD=     -0.12973514 Eh  (T)=              +0 Eh
        H1 [N= 14,B0= 12,B= 15,F=133]: CCSD=    -0.021112564 Eh  (T)=              +0 Eh
        H2 [N= 14,B0= 12,B= 15,F=133]: CCSD=    -0.021112465 Eh  (T)=              +0 Eh
        H4 [N= 14,B0= 13,B= 14,F=133]: CCSD=    -0.020080359 Eh  (T)=              +0 Eh
        H5 [N= 14,B0= 12,B= 15,F=133]: CCSD=    -0.020318558 Eh  (T)=              +0 Eh
        H6 [N= 14,B0= 13,B= 14,F=133]: CCSD=    -0.020080507 Eh  (T)=              +0 Eh
     H3,O1 [N= 44,B0= 13,B= 44,F= 73]: CCSD=     -0.36325526 Eh  (T)=              +0 Eh
     Total:                            CCSD=     -0.71736924 Eh  (T)=              +0 Eh
Full cluster CCSD energies
--------------------------
        C1: CCSD=       -0.365493 Eh
        C2: CCSD=     -0.29208789 Eh
        H1: CCSD=    -0.079249701 Eh
        H2: CCSD=    -0.079251643 Eh
        H4: CCSD=    -0.075664689 Eh
        H5: CCSD=    -0.077138564 Eh
        H6: CCSD=    -0.075664622 Eh
     H3,O1: CCSD=     -0.52261068 Eh
Wall time: 41 s
CCSD correlation energy:    +0
EmbCCSD correlation energy: -0.717369
Error:                      -0.717369
% Correlation:             -inf %
Now calculating distance=2.700
Local correlation energy contributions
--------------------------------------
        C1 [N= 30,B0= 13,B= 30,F=101]: CCSD=     -0.12177177 Eh  (T)=              +0 Eh
        C2 [N= 30,B0= 13,B= 30,F=101]: CCSD=     -0.12981808 Eh  (T)=              +0 Eh
        H1 [N= 14,B0= 12,B= 15,F=133]: CCSD=    -0.021082544 Eh  (T)=              +0 Eh
        H2 [N= 14,B0= 12,B= 15,F=133]: CCSD=     -0.02108247 Eh  (T)=              +0 Eh
        H4 [N= 14,B0= 13,B= 14,F=133]: CCSD=    -0.020068752 Eh  (T)=              +0 Eh
        H5 [N= 14,B0= 12,B= 15,F=133]: CCSD=    -0.020303708 Eh  (T)=              +0 Eh
        H6 [N= 14,B0= 13,B= 14,F=133]: CCSD=    -0.020068891 Eh  (T)=              +0 Eh
     H3,O1 [N= 44,B0= 13,B= 44,F= 73]: CCSD=     -0.36966933 Eh  (T)=              +0 Eh
        C1 [N= 30,B0= 13,B= 30,F=101]: CCSD=     -0.12177177 Eh  (T)=              +0 Eh
        C2 [N= 30,B0= 13,B= 30,F=101]: CCSD=     -0.12981808 Eh  (T)=              +0 Eh
        H1 [N= 14,B0= 12,B= 15,F=133]: CCSD=    -0.021082544 Eh  (T)=              +0 Eh
        H2 [N= 14,B0= 12,B= 15,F=133]: CCSD=     -0.02108247 Eh  (T)=              +0 Eh
        H4 [N= 14,B0= 13,B= 14,F=133]: CCSD=    -0.020068752 Eh  (T)=              +0 Eh
        H5 [N= 14,B0= 12,B= 15,F=133]: CCSD=    -0.020303708 Eh  (T)=              +0 Eh
        H6 [N= 14,B0= 13,B= 14,F=133]: CCSD=    -0.020068891 Eh  (T)=              +0 Eh
     H3,O1 [N= 44,B0= 13,B= 44,F= 73]: CCSD=     -0.36966933 Eh  (T)=              +0 Eh
     Total:                            CCSD=     -0.72386554 Eh  (T)=              +0 Eh
Full cluster CCSD energies
--------------------------
        C1: CCSD=     -0.36791582 Eh
        C2: CCSD=     -0.29380623 Eh
        H1: CCSD=    -0.079648545 Eh
        H2: CCSD=    -0.079650134 Eh
        H4: CCSD=    -0.075645853 Eh
        H5: CCSD=    -0.077255715 Eh
        H6: CCSD=    -0.075645757 Eh
     H3,O1: CCSD=     -0.52953509 Eh
Wall time: 45 s
CCSD correlation energy:    +0
EmbCCSD correlation energy: -0.723866
Error:                      -0.723866
% Correlation:             -inf %
Now calculating distance=2.800
Local correlation energy contributions
--------------------------------------
        C1 [N= 30,B0= 13,B= 30,F=101]: CCSD=     -0.12186292 Eh  (T)=              +0 Eh
        C2 [N= 30,B0= 13,B= 30,F=101]: CCSD=     -0.12989845 Eh  (T)=              +0 Eh
        H1 [N= 14,B0= 12,B= 15,F=133]: CCSD=    -0.021056059 Eh  (T)=              +0 Eh
        H2 [N= 14,B0= 12,B= 15,F=133]: CCSD=    -0.021056062 Eh  (T)=              +0 Eh
        H4 [N= 14,B0= 13,B= 14,F=133]: CCSD=    -0.020057719 Eh  (T)=              +0 Eh
        H5 [N= 14,B0= 12,B= 15,F=133]: CCSD=    -0.020290914 Eh  (T)=              +0 Eh
        H6 [N= 14,B0= 13,B= 14,F=133]: CCSD=    -0.020057848 Eh  (T)=              +0 Eh
     H3,O1 [N= 44,B0= 13,B= 44,F= 73]: CCSD=     -0.37576054 Eh  (T)=              +0 Eh
        C1 [N= 30,B0= 13,B= 30,F=101]: CCSD=     -0.12186292 Eh  (T)=              +0 Eh
        C2 [N= 30,B0= 13,B= 30,F=101]: CCSD=     -0.12989845 Eh  (T)=              +0 Eh
        H1 [N= 14,B0= 12,B= 15,F=133]: CCSD=    -0.021056059 Eh  (T)=              +0 Eh
        H2 [N= 14,B0= 12,B= 15,F=133]: CCSD=    -0.021056062 Eh  (T)=              +0 Eh
        H4 [N= 14,B0= 13,B= 14,F=133]: CCSD=    -0.020057719 Eh  (T)=              +0 Eh
        H5 [N= 14,B0= 12,B= 15,F=133]: CCSD=    -0.020290914 Eh  (T)=              +0 Eh
        H6 [N= 14,B0= 13,B= 14,F=133]: CCSD=    -0.020057848 Eh  (T)=              +0 Eh
     H3,O1 [N= 44,B0= 13,B= 44,F= 73]: CCSD=     -0.37576054 Eh  (T)=              +0 Eh
     Total:                            CCSD=     -0.73004051 Eh  (T)=              +0 Eh
Full cluster CCSD energies
--------------------------
        C1: CCSD=     -0.37032868 Eh
        C2: CCSD=     -0.29549185 Eh
        H1: CCSD=    -0.080070089 Eh
        H2: CCSD=    -0.080070052 Eh
        H4: CCSD=    -0.075627677 Eh
        H5: CCSD=    -0.077375816 Eh
        H6: CCSD=    -0.075627556 Eh
     H3,O1: CCSD=     -0.53652399 Eh
Wall time: 40 s
CCSD correlation energy:    +0
EmbCCSD correlation energy: -0.730041
Error:                      -0.730041
% Correlation:             -inf %
Now calculating distance=2.900
Local correlation energy contributions
--------------------------------------
        C1 [N= 30,B0= 13,B= 30,F=101]: CCSD=     -0.12194902 Eh  (T)=              +0 Eh
        C2 [N= 30,B0= 13,B= 30,F=101]: CCSD=     -0.12997427 Eh  (T)=              +0 Eh
        H1 [N= 14,B0= 12,B= 15,F=133]: CCSD=    -0.021032959 Eh  (T)=              +0 Eh
        H2 [N= 14,B0= 12,B= 15,F=133]: CCSD=    -0.021033244 Eh  (T)=              +0 Eh
        H4 [N= 14,B0= 13,B= 14,F=133]: CCSD=    -0.020047343 Eh  (T)=              +0 Eh
        H5 [N= 14,B0= 12,B= 15,F=133]: CCSD=     -0.02028006 Eh  (T)=              +0 Eh
        H6 [N= 14,B0= 13,B= 14,F=133]: CCSD=    -0.020047444 Eh  (T)=              +0 Eh
     H3,O1 [N= 44,B0= 13,B= 44,F= 73]: CCSD=     -0.38151346 Eh  (T)=              +0 Eh
        C1 [N= 30,B0= 13,B= 30,F=101]: CCSD=     -0.12194902 Eh  (T)=              +0 Eh
        C2 [N= 30,B0= 13,B= 30,F=101]: CCSD=     -0.12997427 Eh  (T)=              +0 Eh
        H1 [N= 14,B0= 12,B= 15,F=133]: CCSD=    -0.021032959 Eh  (T)=              +0 Eh
        H2 [N= 14,B0= 12,B= 15,F=133]: CCSD=    -0.021033244 Eh  (T)=              +0 Eh
        H4 [N= 14,B0= 13,B= 14,F=133]: CCSD=    -0.020047343 Eh  (T)=              +0 Eh
        H5 [N= 14,B0= 12,B= 15,F=133]: CCSD=     -0.02028006 Eh  (T)=              +0 Eh
        H6 [N= 14,B0= 13,B= 14,F=133]: CCSD=    -0.020047444 Eh  (T)=              +0 Eh
     H3,O1 [N= 44,B0= 13,B= 44,F= 73]: CCSD=     -0.38151346 Eh  (T)=              +0 Eh
     Total:                            CCSD=      -0.7358778 Eh  (T)=              +0 Eh
Full cluster CCSD energies
--------------------------
        C1: CCSD=     -0.37271958 Eh
        C2: CCSD=     -0.29714042 Eh
        H1: CCSD=    -0.080511825 Eh
        H2: CCSD=     -0.08050447 Eh
        H4: CCSD=    -0.075610326 Eh
        H5: CCSD=    -0.077498229 Eh
        H6: CCSD=    -0.075610178 Eh
     H3,O1: CCSD=     -0.54345707 Eh
Wall time: 42 s
CCSD correlation energy:    +0
EmbCCSD correlation energy: -0.735878
Error:                      -0.735878
% Correlation:             -inf %
Now calculating distance=3.000
Local correlation energy contributions
--------------------------------------
        C1 [N= 30,B0= 13,B= 30,F=101]: CCSD=     -0.12203029 Eh  (T)=              +0 Eh
        C2 [N= 30,B0= 13,B= 30,F=101]: CCSD=     -0.13004432 Eh  (T)=              +0 Eh
        H1 [N= 14,B0= 12,B= 15,F=133]: CCSD=    -0.021013697 Eh  (T)=              +0 Eh
        H2 [N= 14,B0= 12,B= 15,F=133]: CCSD=     -0.02101352 Eh  (T)=              +0 Eh
        H4 [N= 14,B0= 13,B= 14,F=133]: CCSD=     -0.02003765 Eh  (T)=              +0 Eh
        H5 [N= 14,B0= 12,B= 15,F=133]: CCSD=    -0.020271018 Eh  (T)=              +0 Eh
        H6 [N= 14,B0= 13,B= 14,F=133]: CCSD=     -0.02003779 Eh  (T)=              +0 Eh
     H3,O1 [N= 44,B0= 13,B= 44,F= 73]: CCSD=     -0.38692279 Eh  (T)=              +0 Eh
        C1 [N= 30,B0= 13,B= 30,F=101]: CCSD=     -0.12203029 Eh  (T)=              +0 Eh
        C2 [N= 30,B0= 13,B= 30,F=101]: CCSD=     -0.13004432 Eh  (T)=              +0 Eh
        H1 [N= 14,B0= 12,B= 15,F=133]: CCSD=    -0.021013697 Eh  (T)=              +0 Eh
        H2 [N= 14,B0= 12,B= 15,F=133]: CCSD=     -0.02101352 Eh  (T)=              +0 Eh
        H4 [N= 14,B0= 13,B= 14,F=133]: CCSD=     -0.02003765 Eh  (T)=              +0 Eh
        H5 [N= 14,B0= 12,B= 15,F=133]: CCSD=    -0.020271018 Eh  (T)=              +0 Eh
        H6 [N= 14,B0= 13,B= 14,F=133]: CCSD=     -0.02003779 Eh  (T)=              +0 Eh
     H3,O1 [N= 44,B0= 13,B= 44,F= 73]: CCSD=     -0.38692279 Eh  (T)=              +0 Eh
     Total:                            CCSD=     -0.74137108 Eh  (T)=              +0 Eh
Full cluster CCSD energies
--------------------------
        C1: CCSD=     -0.37507682 Eh
        C2: CCSD=     -0.29874772 Eh
        H1: CCSD=    -0.080956652 Eh
        H2: CCSD=    -0.080961786 Eh
        H4: CCSD=    -0.075593944 Eh
        H5: CCSD=    -0.077622158 Eh
        H6: CCSD=     -0.07559379 Eh
     H3,O1: CCSD=     -0.55018927 Eh
Wall time: 42 s
CCSD correlation energy:    +0
EmbCCSD correlation energy: -0.741371
Error:                      -0.741371
% Correlation:             -inf %
Now calculating distance=3.100
Local correlation energy contributions
--------------------------------------
        C1 [N= 30,B0= 13,B= 30,F=101]: CCSD=     -0.12210625 Eh  (T)=              +0 Eh
        C2 [N= 30,B0= 13,B= 30,F=101]: CCSD=     -0.13010816 Eh  (T)=              +0 Eh
        H1 [N= 14,B0= 12,B= 15,F=133]: CCSD=    -0.020997536 Eh  (T)=              +0 Eh
        H2 [N= 14,B0= 12,B= 15,F=133]: CCSD=     -0.02099744 Eh  (T)=              +0 Eh
        H4 [N= 14,B0= 13,B= 14,F=133]: CCSD=    -0.020028707 Eh  (T)=              +0 Eh
        H5 [N= 14,B0= 12,B= 15,F=133]: CCSD=    -0.020263585 Eh  (T)=              +0 Eh
        H6 [N= 14,B0= 13,B= 14,F=133]: CCSD=    -0.020028839 Eh  (T)=              +0 Eh
     H3,O1 [N= 44,B0= 13,B= 44,F= 73]: CCSD=     -0.39199315 Eh  (T)=              +0 Eh
        C1 [N= 30,B0= 13,B= 30,F=101]: CCSD=     -0.12210625 Eh  (T)=              +0 Eh
        C2 [N= 30,B0= 13,B= 30,F=101]: CCSD=     -0.13010816 Eh  (T)=              +0 Eh
        H1 [N= 14,B0= 12,B= 15,F=133]: CCSD=    -0.020997536 Eh  (T)=              +0 Eh
        H2 [N= 14,B0= 12,B= 15,F=133]: CCSD=     -0.02099744 Eh  (T)=              +0 Eh
        H4 [N= 14,B0= 13,B= 14,F=133]: CCSD=    -0.020028707 Eh  (T)=              +0 Eh
        H5 [N= 14,B0= 12,B= 15,F=133]: CCSD=    -0.020263585 Eh  (T)=              +0 Eh
        H6 [N= 14,B0= 13,B= 14,F=133]: CCSD=    -0.020028839 Eh  (T)=              +0 Eh
     H3,O1 [N= 44,B0= 13,B= 44,F= 73]: CCSD=     -0.39199315 Eh  (T)=              +0 Eh
     Total:                            CCSD=     -0.74652367 Eh  (T)=              +0 Eh
Full cluster CCSD energies
--------------------------
        C1: CCSD=     -0.37738621 Eh
        C2: CCSD=     -0.30031226 Eh
        H1: CCSD=    -0.081416672 Eh
        H2: CCSD=    -0.081419815 Eh
        H4: CCSD=    -0.075578714 Eh
        H5: CCSD=    -0.077747338 Eh
        H6: CCSD=     -0.07557855 Eh
     H3,O1: CCSD=     -0.55662604 Eh
Wall time: 44 s
CCSD correlation energy:    +0
EmbCCSD correlation energy: -0.746524
Error:                      -0.746524
% Correlation:             -inf %
Now calculating distance=3.200
Local correlation energy contributions
--------------------------------------
        C1 [N= 30,B0= 13,B= 30,F=101]: CCSD=      -0.1221759 Eh  (T)=              +0 Eh
        C2 [N= 30,B0= 13,B= 30,F=101]: CCSD=     -0.13016551 Eh  (T)=              +0 Eh
        H1 [N= 14,B0= 12,B= 15,F=133]: CCSD=    -0.020984862 Eh  (T)=              +0 Eh
        H2 [N= 14,B0= 12,B= 15,F=133]: CCSD=    -0.020984755 Eh  (T)=              +0 Eh
        H4 [N= 14,B0= 13,B= 14,F=133]: CCSD=    -0.020020538 Eh  (T)=              +0 Eh
        H5 [N= 14,B0= 12,B= 15,F=133]: CCSD=    -0.020257654 Eh  (T)=              +0 Eh
        H6 [N= 14,B0= 13,B= 14,F=133]: CCSD=    -0.020020671 Eh  (T)=              +0 Eh
     H3,O1 [N= 44,B0= 13,B= 43,F= 74]: CCSD=     -0.39657786 Eh  (T)=              +0 Eh
        C1 [N= 30,B0= 13,B= 30,F=101]: CCSD=      -0.1221759 Eh  (T)=              +0 Eh
        C2 [N= 30,B0= 13,B= 30,F=101]: CCSD=     -0.13016551 Eh  (T)=              +0 Eh
        H1 [N= 14,B0= 12,B= 15,F=133]: CCSD=    -0.020984862 Eh  (T)=              +0 Eh
        H2 [N= 14,B0= 12,B= 15,F=133]: CCSD=    -0.020984755 Eh  (T)=              +0 Eh
        H4 [N= 14,B0= 13,B= 14,F=133]: CCSD=    -0.020020538 Eh  (T)=              +0 Eh
        H5 [N= 14,B0= 12,B= 15,F=133]: CCSD=    -0.020257654 Eh  (T)=              +0 Eh
        H6 [N= 14,B0= 13,B= 14,F=133]: CCSD=    -0.020020671 Eh  (T)=              +0 Eh
     H3,O1 [N= 44,B0= 13,B= 43,F= 74]: CCSD=     -0.39657786 Eh  (T)=              +0 Eh
     Total:                            CCSD=     -0.75118775 Eh  (T)=              +0 Eh
Full cluster CCSD energies
--------------------------
        C1: CCSD=     -0.37963934 Eh
        C2: CCSD=     -0.30183239 Eh
        H1: CCSD=    -0.081879679 Eh
        H2: CCSD=    -0.081883441 Eh
        H4: CCSD=    -0.075564649 Eh
        H5: CCSD=    -0.077873092 Eh
        H6: CCSD=    -0.075564476 Eh
     H3,O1: CCSD=     -0.55438209 Eh
Wall time: 47 s
CCSD correlation energy:    +0
EmbCCSD correlation energy: -0.751188
Error:                      -0.751188
% Correlation:             -inf %
Now calculating distance=3.300
Local correlation energy contributions
--------------------------------------
        C1 [N= 30,B0= 13,B= 30,F=101]: CCSD=     -0.12223885 Eh  (T)=              +0 Eh
        C2 [N= 30,B0= 13,B= 30,F=101]: CCSD=     -0.13021678 Eh  (T)=              +0 Eh
        H1 [N= 14,B0= 12,B= 15,F=133]: CCSD=    -0.020975217 Eh  (T)=              +0 Eh
        H2 [N= 14,B0= 12,B= 15,F=133]: CCSD=    -0.020975273 Eh  (T)=              +0 Eh
        H4 [N= 14,B0= 13,B= 14,F=133]: CCSD=     -0.02001311 Eh  (T)=              +0 Eh
        H5 [N= 14,B0= 12,B= 15,F=133]: CCSD=    -0.020253009 Eh  (T)=              +0 Eh
        H6 [N= 14,B0= 13,B= 14,F=133]: CCSD=    -0.020013232 Eh  (T)=              +0 Eh
     H3,O1 [N= 44,B0= 13,B= 43,F= 74]: CCSD=     -0.40100588 Eh  (T)=              +0 Eh
        C1 [N= 30,B0= 13,B= 30,F=101]: CCSD=     -0.12223885 Eh  (T)=              +0 Eh
        C2 [N= 30,B0= 13,B= 30,F=101]: CCSD=     -0.13021678 Eh  (T)=              +0 Eh
        H1 [N= 14,B0= 12,B= 15,F=133]: CCSD=    -0.020975217 Eh  (T)=              +0 Eh
        H2 [N= 14,B0= 12,B= 15,F=133]: CCSD=    -0.020975273 Eh  (T)=              +0 Eh
        H4 [N= 14,B0= 13,B= 14,F=133]: CCSD=     -0.02001311 Eh  (T)=              +0 Eh
        H5 [N= 14,B0= 12,B= 15,F=133]: CCSD=    -0.020253009 Eh  (T)=              +0 Eh
        H6 [N= 14,B0= 13,B= 14,F=133]: CCSD=    -0.020013232 Eh  (T)=              +0 Eh
     H3,O1 [N= 44,B0= 13,B= 43,F= 74]: CCSD=     -0.40100588 Eh  (T)=              +0 Eh
     Total:                            CCSD=     -0.75569135 Eh  (T)=              +0 Eh
Full cluster CCSD energies
--------------------------
        C1: CCSD=     -0.38182364 Eh
        C2: CCSD=     -0.30330541 Eh
        H1: CCSD=    -0.082345682 Eh
        H2: CCSD=    -0.082344211 Eh
        H4: CCSD=    -0.075551918 Eh
        H5: CCSD=    -0.077999003 Eh
        H6: CCSD=    -0.075551736 Eh
     H3,O1: CCSD=     -0.56028829 Eh
Wall time: 40 s
CCSD correlation energy:    +0
EmbCCSD correlation energy: -0.755691
Error:                      -0.755691
% Correlation:             -inf %
Now calculating distance=3.400
Local correlation energy contributions
--------------------------------------
        C1 [N= 30,B0= 13,B= 30,F=101]: CCSD=     -0.12371748 Eh  (T)=              +0 Eh
        C2 [N= 30,B0= 13,B= 30,F=101]: CCSD=     -0.12946265 Eh  (T)=              +0 Eh
        H1 [N= 14,B0= 13,B= 14,F=133]: CCSD=    -0.020909552 Eh  (T)=              +0 Eh
        H2 [N= 14,B0= 13,B= 14,F=133]: CCSD=    -0.020956079 Eh  (T)=              +0 Eh
        H4 [N= 14,B0= 13,B= 14,F=133]: CCSD=     -0.02012155 Eh  (T)=              +0 Eh
        H5 [N= 14,B0= 12,B= 15,F=133]: CCSD=    -0.020663502 Eh  (T)=              +0 Eh
        H6 [N= 14,B0= 13,B= 14,F=133]: CCSD=    -0.020106448 Eh  (T)=              +0 Eh
     H3,O1 [N= 44,B0= 13,B= 43,F= 74]: CCSD=     -0.43133591 Eh  (T)=              +0 Eh
        C1 [N= 30,B0= 13,B= 30,F=101]: CCSD=     -0.12371748 Eh  (T)=              +0 Eh
        C2 [N= 30,B0= 13,B= 30,F=101]: CCSD=     -0.12946265 Eh  (T)=              +0 Eh
        H1 [N= 14,B0= 13,B= 14,F=133]: CCSD=    -0.020909552 Eh  (T)=              +0 Eh
        H2 [N= 14,B0= 13,B= 14,F=133]: CCSD=    -0.020956079 Eh  (T)=              +0 Eh
        H4 [N= 14,B0= 13,B= 14,F=133]: CCSD=     -0.02012155 Eh  (T)=              +0 Eh
        H5 [N= 14,B0= 12,B= 15,F=133]: CCSD=    -0.020663502 Eh  (T)=              +0 Eh
        H6 [N= 14,B0= 13,B= 14,F=133]: CCSD=    -0.020106448 Eh  (T)=              +0 Eh
     H3,O1 [N= 44,B0= 13,B= 43,F= 74]: CCSD=     -0.43133591 Eh  (T)=              +0 Eh
     Total:                            CCSD=     -0.78727317 Eh  (T)=              +0 Eh
Full cluster CCSD energies
--------------------------
        C1: CCSD=     -0.42600361 Eh
        C2: CCSD=     -0.28588591 Eh
        H1: CCSD=    -0.084563388 Eh
        H2: CCSD=     -0.12811467 Eh
        H4: CCSD=    -0.075844754 Eh
        H5: CCSD=    -0.076831412 Eh
        H6: CCSD=    -0.075928698 Eh
     H3,O1: CCSD=     -0.59309076 Eh
Wall time: 69 s
CCSD correlation energy:    +0
EmbCCSD correlation energy: -0.787273
Error:                      -0.787273
% Correlation:             -inf %
Now calculating distance=3.500
Local correlation energy contributions
--------------------------------------
        C1 [N= 30,B0= 13,B= 30,F=101]: CCSD=     -0.12488566 Eh  (T)=              +0 Eh
        C2 [N= 30,B0= 13,B= 30,F=101]: CCSD=     -0.12943794 Eh  (T)=              +0 Eh
        H1 [N= 14,B0= 13,B= 14,F=133]: CCSD=    -0.020142418 Eh  (T)=              +0 Eh
        H2 [N= 14,B0= 13,B= 14,F=133]: CCSD=    -0.018922516 Eh  (T)=              +0 Eh
        H4 [N= 14,B0= 13,B= 14,F=133]: CCSD=    -0.020205186 Eh  (T)=              +0 Eh
        H5 [N= 14,B0= 12,B= 15,F=133]: CCSD=    -0.020776174 Eh  (T)=              +0 Eh
        H6 [N= 14,B0= 13,B= 14,F=133]: CCSD=    -0.020181416 Eh  (T)=              +0 Eh
     H3,O1 [N= 44,B0= 13,B= 43,F= 74]: CCSD=     -0.44900928 Eh  (T)=              +0 Eh
        C1 [N= 30,B0= 13,B= 30,F=101]: CCSD=     -0.12488566 Eh  (T)=              +0 Eh
        C2 [N= 30,B0= 13,B= 30,F=101]: CCSD=     -0.12943794 Eh  (T)=              +0 Eh
        H1 [N= 14,B0= 13,B= 14,F=133]: CCSD=    -0.020142418 Eh  (T)=              +0 Eh
        H2 [N= 14,B0= 13,B= 14,F=133]: CCSD=    -0.018922516 Eh  (T)=              +0 Eh
        H4 [N= 14,B0= 13,B= 14,F=133]: CCSD=    -0.020205186 Eh  (T)=              +0 Eh
        H5 [N= 14,B0= 12,B= 15,F=133]: CCSD=    -0.020776174 Eh  (T)=              +0 Eh
        H6 [N= 14,B0= 13,B= 14,F=133]: CCSD=    -0.020181416 Eh  (T)=              +0 Eh
===================================================================================
=   BAD TERMINATION OF ONE OF YOUR APPLICATION PROCESSES
=   PID 73340 RUNNING AT zombie
=   EXIT CODE: 15
=   CLEANING UP REMAINING PROCESSES
=   YOU CAN IGNORE THE BELOW CLEANUP MESSAGES
===================================================================================
YOUR APPLICATION TERMINATED WITH THE EXIT STRING: Terminated (signal 15)
This typically refers to a problem with your application.
Please see the FAQ page for debugging suggestions
