0.600000  -1.53672028e+02  -1.53996050e+02
0.700000  -1.53883518e+02  -1.54212416e+02
0.800000  -1.53975971e+02  -1.54309813e+02
0.900000  -1.54007857e+02  -1.54346676e+02
1.000000  -1.54009038e+02  -1.54352887e+02
1.100000  -1.53995013e+02  -1.54344034e+02
1.200000  -1.53973870e+02  -1.54328343e+02
1.300000  -1.53949867e+02  -1.54310209e+02
1.400000  -1.53925240e+02  -1.54291983e+02
1.500000  -1.53901130e+02  -1.54274882e+02
1.600000  -1.53878092e+02  -1.54259496e+02
1.700000  -1.53856379e+02  -1.54246066e+02
1.800000  -1.53836095e+02  -1.54234636e+02
1.900000  -1.53817263e+02  -1.54225126e+02
2.000000  -1.53799860e+02  -1.54217370e+02
2.100000  -1.53783832e+02  -1.54211155e+02
2.200000  -1.53769105e+02  -1.54206244e+02
2.300000  -1.53755590e+02  -1.54202406e+02
2.400000  -1.53743194e+02  -1.54199430e+02
2.500000  -1.53731826e+02  -1.54197134e+02
2.600000  -1.53721398e+02  -1.54195370e+02
2.700000  -1.53711830e+02  -1.54194015e+02
2.800000  -1.53703052e+02  -1.54192974e+02
2.900000  -1.53695001e+02  -1.54192173e+02
3.000000  -1.53687621e+02  -1.54191553e+02
3.100000  -1.53680865e+02  -1.54191069e+02
3.200000  -1.53674688e+02  -1.54190690e+02
3.300000  -1.53633370e+02  -1.54190358e+02
